+ unset DRMAA_LIBRARY_PATH
+++ which conda
++ /fast/users/szyskam_c/work/miniconda/condabin/conda shell.bash hook
+ eval 'export CONDA_EXE='\''/fast/users/szyskam_c/work/miniconda/bin/conda'\''
export _CE_M='\'''\''
export _CE_CONDA='\'''\''
export CONDA_PYTHON_EXE='\''/fast/users/szyskam_c/work/miniconda/bin/python'\''

# Copyright (C) 2012 Anaconda, Inc
# SPDX-License-Identifier: BSD-3-Clause

__add_sys_prefix_to_path() {
    # In dev-mode CONDA_EXE is python.exe and on Windows
    # it is in a different relative location to condabin.
    if [ -n "${_CE_CONDA}" ] && [ -n "${WINDIR+x}" ]; then
        SYSP=$(\dirname "${CONDA_EXE}")
    else
        SYSP=$(\dirname "${CONDA_EXE}")
        SYSP=$(\dirname "${SYSP}")
    fi

    if [ -n "${WINDIR+x}" ]; then
        PATH="${SYSP}/bin:${PATH}"
        PATH="${SYSP}/Scripts:${PATH}"
        PATH="${SYSP}/Library/bin:${PATH}"
        PATH="${SYSP}/Library/usr/bin:${PATH}"
        PATH="${SYSP}/Library/mingw-w64/bin:${PATH}"
        PATH="${SYSP}:${PATH}"
    else
        PATH="${SYSP}/bin:${PATH}"
    fi
    \export PATH
}

__conda_hashr() {
    if [ -n "${ZSH_VERSION:+x}" ]; then
        \rehash
    elif [ -n "${POSH_VERSION:+x}" ]; then
        :  # pass
    else
        \hash -r
    fi
}

__conda_activate() {
    if [ -n "${CONDA_PS1_BACKUP:+x}" ]; then
        # Handle transition from shell activated with conda <= 4.3 to a subsequent activation
        # after conda updated to >= 4.4. See issue #6173.
        PS1="$CONDA_PS1_BACKUP"
        \unset CONDA_PS1_BACKUP
    fi

    \local cmd="$1"
    shift
    \local ask_conda
    CONDA_INTERNAL_OLDPATH="${PATH}"
    __add_sys_prefix_to_path
    ask_conda="$(PS1="$PS1" "$CONDA_EXE" $_CE_M $_CE_CONDA shell.posix "$cmd" "$@")" || \return $?
    rc=$?
    PATH="${CONDA_INTERNAL_OLDPATH}"
    \eval "$ask_conda"
    if [ $rc != 0 ]; then
        \export PATH
    fi
    __conda_hashr
}

__conda_reactivate() {
    \local ask_conda
    CONDA_INTERNAL_OLDPATH="${PATH}"
    __add_sys_prefix_to_path
    ask_conda="$(PS1="$PS1" "$CONDA_EXE" $_CE_M $_CE_CONDA shell.posix reactivate)" || \return $?
    PATH="${CONDA_INTERNAL_OLDPATH}"
    \eval "$ask_conda"
    __conda_hashr
}

conda() {
    if [ "$#" -lt 1 ]; then
        "$CONDA_EXE" $_CE_M $_CE_CONDA
    else
        \local cmd="$1"
        shift
        case "$cmd" in
            activate|deactivate)
                __conda_activate "$cmd" "$@"
                ;;
            install|update|upgrade|remove|uninstall)
                CONDA_INTERNAL_OLDPATH="${PATH}"
                __add_sys_prefix_to_path
                "$CONDA_EXE" $_CE_M $_CE_CONDA "$cmd" "$@"
                \local t1=$?
                PATH="${CONDA_INTERNAL_OLDPATH}"
                if [ $t1 = 0 ]; then
                    __conda_reactivate
                else
                    return $t1
                fi
                ;;
            *)
                CONDA_INTERNAL_OLDPATH="${PATH}"
                __add_sys_prefix_to_path
                "$CONDA_EXE" $_CE_M $_CE_CONDA "$cmd" "$@"
                \local t1=$?
                PATH="${CONDA_INTERNAL_OLDPATH}"
                return $t1
                ;;
        esac
    fi
}

if [ -z "${CONDA_SHLVL+x}" ]; then
    \export CONDA_SHLVL=0
    # In dev-mode CONDA_EXE is python.exe and on Windows
    # it is in a different relative location to condabin.
    if [ -n "${_CE_CONDA+x}" ] && [ -n "${WINDIR+x}" ]; then
        PATH="$(\dirname "$CONDA_EXE")/condabin${PATH:+":${PATH}"}"
    else
        PATH="$(\dirname "$(\dirname "$CONDA_EXE")")/condabin${PATH:+":${PATH}"}"
    fi
    \export PATH

    # We'\''re not allowing PS1 to be unbound. It must at least be set.
    # However, we'\''re not exporting it, which can cause problems when starting a second shell
    # via a first shell (i.e. starting zsh from bash).
    if [ -z "${PS1+x}" ]; then
        PS1=
    fi
fi

conda activate base'
++ export CONDA_EXE=/fast/users/szyskam_c/work/miniconda/bin/conda
++ CONDA_EXE=/fast/users/szyskam_c/work/miniconda/bin/conda
++ export _CE_M=
++ _CE_M=
++ export _CE_CONDA=
++ _CE_CONDA=
++ export CONDA_PYTHON_EXE=/fast/users/szyskam_c/work/miniconda/bin/python
++ CONDA_PYTHON_EXE=/fast/users/szyskam_c/work/miniconda/bin/python
++ '[' -z x ']'
++ conda activate base
++ '[' 2 -lt 1 ']'
++ local cmd=activate
++ shift
++ case "$cmd" in
++ __conda_activate activate base
++ '[' -n '' ']'
++ local cmd=activate
++ shift
++ local ask_conda
++ CONDA_INTERNAL_OLDPATH=/fast/users/szyskam_c/work/miniconda/envs/WES-env/bin:/fast/users/szyskam_c/work/miniconda/condabin:/fast/users/szyskam_c/work/utils/myscripts/symlinx:/fast/users/szyskam_c/work/miniconda/bin:/fast/users/szyskam_c/.local/bin:/fast/users/szyskam_c/work/utils/cellranger-3.1.0:/opt/sge/bin:/opt/sge/bin/lx-amd64:/usr/local/bin:/usr/bin:/usr/local/sbin:/usr/sbin
++ __add_sys_prefix_to_path
++ '[' -n '' ']'
+++ dirname /fast/users/szyskam_c/work/miniconda/bin/conda
++ SYSP=/fast/users/szyskam_c/work/miniconda/bin
+++ dirname /fast/users/szyskam_c/work/miniconda/bin
++ SYSP=/fast/users/szyskam_c/work/miniconda
++ '[' -n '' ']'
++ PATH=/fast/users/szyskam_c/work/miniconda/bin:/fast/users/szyskam_c/work/miniconda/envs/WES-env/bin:/fast/users/szyskam_c/work/miniconda/condabin:/fast/users/szyskam_c/work/utils/myscripts/symlinx:/fast/users/szyskam_c/work/miniconda/bin:/fast/users/szyskam_c/.local/bin:/fast/users/szyskam_c/work/utils/cellranger-3.1.0:/opt/sge/bin:/opt/sge/bin/lx-amd64:/usr/local/bin:/usr/bin:/usr/local/sbin:/usr/sbin
++ export PATH
+++ PS1=
+++ /fast/users/szyskam_c/work/miniconda/bin/conda shell.posix activate base
++ ask_conda='export PATH='\''/fast/users/szyskam_c/work/miniconda/bin:/fast/users/szyskam_c/work/miniconda/condabin:/fast/users/szyskam_c/work/utils/myscripts/symlinx:/fast/users/szyskam_c/work/miniconda/bin:/fast/users/szyskam_c/.local/bin:/fast/users/szyskam_c/work/utils/cellranger-3.1.0:/opt/sge/bin:/opt/sge/bin/lx-amd64:/usr/local/bin:/usr/bin:/usr/local/sbin:/usr/sbin'\''
unset CONDA_PREFIX_1
PS1='\''(base) '\''
export CONDA_PREFIX='\''/fast/users/szyskam_c/work/miniconda'\''
export CONDA_SHLVL='\''1'\''
export CONDA_DEFAULT_ENV='\''base'\''
export CONDA_PROMPT_MODIFIER='\''(base) '\''
export CONDA_EXE='\''/fast/users/szyskam_c/work/miniconda/bin/conda'\''
export _CE_M='\'''\''
export _CE_CONDA='\'''\''
export CONDA_PYTHON_EXE='\''/fast/users/szyskam_c/work/miniconda/bin/python'\'''
++ rc=0
++ PATH=/fast/users/szyskam_c/work/miniconda/envs/WES-env/bin:/fast/users/szyskam_c/work/miniconda/condabin:/fast/users/szyskam_c/work/utils/myscripts/symlinx:/fast/users/szyskam_c/work/miniconda/bin:/fast/users/szyskam_c/.local/bin:/fast/users/szyskam_c/work/utils/cellranger-3.1.0:/opt/sge/bin:/opt/sge/bin/lx-amd64:/usr/local/bin:/usr/bin:/usr/local/sbin:/usr/sbin
++ eval 'export PATH='\''/fast/users/szyskam_c/work/miniconda/bin:/fast/users/szyskam_c/work/miniconda/condabin:/fast/users/szyskam_c/work/utils/myscripts/symlinx:/fast/users/szyskam_c/work/miniconda/bin:/fast/users/szyskam_c/.local/bin:/fast/users/szyskam_c/work/utils/cellranger-3.1.0:/opt/sge/bin:/opt/sge/bin/lx-amd64:/usr/local/bin:/usr/bin:/usr/local/sbin:/usr/sbin'\''
unset CONDA_PREFIX_1
PS1='\''(base) '\''
export CONDA_PREFIX='\''/fast/users/szyskam_c/work/miniconda'\''
export CONDA_SHLVL='\''1'\''
export CONDA_DEFAULT_ENV='\''base'\''
export CONDA_PROMPT_MODIFIER='\''(base) '\''
export CONDA_EXE='\''/fast/users/szyskam_c/work/miniconda/bin/conda'\''
export _CE_M='\'''\''
export _CE_CONDA='\'''\''
export CONDA_PYTHON_EXE='\''/fast/users/szyskam_c/work/miniconda/bin/python'\'''
+++ export PATH=/fast/users/szyskam_c/work/miniconda/bin:/fast/users/szyskam_c/work/miniconda/condabin:/fast/users/szyskam_c/work/utils/myscripts/symlinx:/fast/users/szyskam_c/work/miniconda/bin:/fast/users/szyskam_c/.local/bin:/fast/users/szyskam_c/work/utils/cellranger-3.1.0:/opt/sge/bin:/opt/sge/bin/lx-amd64:/usr/local/bin:/usr/bin:/usr/local/sbin:/usr/sbin
+++ PATH=/fast/users/szyskam_c/work/miniconda/bin:/fast/users/szyskam_c/work/miniconda/condabin:/fast/users/szyskam_c/work/utils/myscripts/symlinx:/fast/users/szyskam_c/work/miniconda/bin:/fast/users/szyskam_c/.local/bin:/fast/users/szyskam_c/work/utils/cellranger-3.1.0:/opt/sge/bin:/opt/sge/bin/lx-amd64:/usr/local/bin:/usr/bin:/usr/local/sbin:/usr/sbin
+++ unset CONDA_PREFIX_1
+++ PS1='(base) '
+++ export CONDA_PREFIX=/fast/users/szyskam_c/work/miniconda
+++ CONDA_PREFIX=/fast/users/szyskam_c/work/miniconda
+++ export CONDA_SHLVL=1
+++ CONDA_SHLVL=1
+++ export CONDA_DEFAULT_ENV=base
+++ CONDA_DEFAULT_ENV=base
+++ export 'CONDA_PROMPT_MODIFIER=(base) '
+++ CONDA_PROMPT_MODIFIER='(base) '
+++ export CONDA_EXE=/fast/users/szyskam_c/work/miniconda/bin/conda
+++ CONDA_EXE=/fast/users/szyskam_c/work/miniconda/bin/conda
+++ export _CE_M=
+++ _CE_M=
+++ export _CE_CONDA=
+++ _CE_CONDA=
+++ export CONDA_PYTHON_EXE=/fast/users/szyskam_c/work/miniconda/bin/python
+++ CONDA_PYTHON_EXE=/fast/users/szyskam_c/work/miniconda/bin/python
++ '[' 0 '!=' 0 ']'
++ __conda_hashr
++ '[' -n '' ']'
++ '[' -n '' ']'
++ hash -r
+ conda activate WES-env
+ '[' 2 -lt 1 ']'
+ local cmd=activate
+ shift
+ case "$cmd" in
+ __conda_activate activate WES-env
+ '[' -n '' ']'
+ local cmd=activate
+ shift
+ local ask_conda
+ CONDA_INTERNAL_OLDPATH=/fast/users/szyskam_c/work/miniconda/bin:/fast/users/szyskam_c/work/miniconda/condabin:/fast/users/szyskam_c/work/utils/myscripts/symlinx:/fast/users/szyskam_c/work/miniconda/bin:/fast/users/szyskam_c/.local/bin:/fast/users/szyskam_c/work/utils/cellranger-3.1.0:/opt/sge/bin:/opt/sge/bin/lx-amd64:/usr/local/bin:/usr/bin:/usr/local/sbin:/usr/sbin
+ __add_sys_prefix_to_path
+ '[' -n '' ']'
++ dirname /fast/users/szyskam_c/work/miniconda/bin/conda
+ SYSP=/fast/users/szyskam_c/work/miniconda/bin
++ dirname /fast/users/szyskam_c/work/miniconda/bin
+ SYSP=/fast/users/szyskam_c/work/miniconda
+ '[' -n '' ']'
+ PATH=/fast/users/szyskam_c/work/miniconda/bin:/fast/users/szyskam_c/work/miniconda/bin:/fast/users/szyskam_c/work/miniconda/condabin:/fast/users/szyskam_c/work/utils/myscripts/symlinx:/fast/users/szyskam_c/work/miniconda/bin:/fast/users/szyskam_c/.local/bin:/fast/users/szyskam_c/work/utils/cellranger-3.1.0:/opt/sge/bin:/opt/sge/bin/lx-amd64:/usr/local/bin:/usr/bin:/usr/local/sbin:/usr/sbin
+ export PATH
++ PS1='(base) '
++ /fast/users/szyskam_c/work/miniconda/bin/conda shell.posix activate WES-env
+ ask_conda='PS1='\''(WES-env) '\''
export PATH='\''/fast/users/szyskam_c/work/miniconda/envs/WES-env/bin:/fast/users/szyskam_c/work/miniconda/condabin:/fast/users/szyskam_c/work/utils/myscripts/symlinx:/fast/users/szyskam_c/work/miniconda/bin:/fast/users/szyskam_c/.local/bin:/fast/users/szyskam_c/work/utils/cellranger-3.1.0:/opt/sge/bin:/opt/sge/bin/lx-amd64:/usr/local/bin:/usr/bin:/usr/local/sbin:/usr/sbin'\''
export CONDA_PREFIX='\''/fast/users/szyskam_c/work/miniconda/envs/WES-env'\''
export CONDA_SHLVL='\''2'\''
export CONDA_DEFAULT_ENV='\''WES-env'\''
export CONDA_PROMPT_MODIFIER='\''(WES-env) '\''
export CONDA_EXE='\''/fast/users/szyskam_c/work/miniconda/bin/conda'\''
export _CE_M='\'''\''
export _CE_CONDA='\'''\''
export CONDA_PYTHON_EXE='\''/fast/users/szyskam_c/work/miniconda/bin/python'\''
export CONDA_PREFIX_1='\''/fast/users/szyskam_c/work/miniconda'\'''
+ rc=0
+ PATH=/fast/users/szyskam_c/work/miniconda/bin:/fast/users/szyskam_c/work/miniconda/condabin:/fast/users/szyskam_c/work/utils/myscripts/symlinx:/fast/users/szyskam_c/work/miniconda/bin:/fast/users/szyskam_c/.local/bin:/fast/users/szyskam_c/work/utils/cellranger-3.1.0:/opt/sge/bin:/opt/sge/bin/lx-amd64:/usr/local/bin:/usr/bin:/usr/local/sbin:/usr/sbin
+ eval 'PS1='\''(WES-env) '\''
export PATH='\''/fast/users/szyskam_c/work/miniconda/envs/WES-env/bin:/fast/users/szyskam_c/work/miniconda/condabin:/fast/users/szyskam_c/work/utils/myscripts/symlinx:/fast/users/szyskam_c/work/miniconda/bin:/fast/users/szyskam_c/.local/bin:/fast/users/szyskam_c/work/utils/cellranger-3.1.0:/opt/sge/bin:/opt/sge/bin/lx-amd64:/usr/local/bin:/usr/bin:/usr/local/sbin:/usr/sbin'\''
export CONDA_PREFIX='\''/fast/users/szyskam_c/work/miniconda/envs/WES-env'\''
export CONDA_SHLVL='\''2'\''
export CONDA_DEFAULT_ENV='\''WES-env'\''
export CONDA_PROMPT_MODIFIER='\''(WES-env) '\''
export CONDA_EXE='\''/fast/users/szyskam_c/work/miniconda/bin/conda'\''
export _CE_M='\'''\''
export _CE_CONDA='\'''\''
export CONDA_PYTHON_EXE='\''/fast/users/szyskam_c/work/miniconda/bin/python'\''
export CONDA_PREFIX_1='\''/fast/users/szyskam_c/work/miniconda'\'''
++ PS1='(WES-env) '
++ export PATH=/fast/users/szyskam_c/work/miniconda/envs/WES-env/bin:/fast/users/szyskam_c/work/miniconda/condabin:/fast/users/szyskam_c/work/utils/myscripts/symlinx:/fast/users/szyskam_c/work/miniconda/bin:/fast/users/szyskam_c/.local/bin:/fast/users/szyskam_c/work/utils/cellranger-3.1.0:/opt/sge/bin:/opt/sge/bin/lx-amd64:/usr/local/bin:/usr/bin:/usr/local/sbin:/usr/sbin
++ PATH=/fast/users/szyskam_c/work/miniconda/envs/WES-env/bin:/fast/users/szyskam_c/work/miniconda/condabin:/fast/users/szyskam_c/work/utils/myscripts/symlinx:/fast/users/szyskam_c/work/miniconda/bin:/fast/users/szyskam_c/.local/bin:/fast/users/szyskam_c/work/utils/cellranger-3.1.0:/opt/sge/bin:/opt/sge/bin/lx-amd64:/usr/local/bin:/usr/bin:/usr/local/sbin:/usr/sbin
++ export CONDA_PREFIX=/fast/users/szyskam_c/work/miniconda/envs/WES-env
++ CONDA_PREFIX=/fast/users/szyskam_c/work/miniconda/envs/WES-env
++ export CONDA_SHLVL=2
++ CONDA_SHLVL=2
++ export CONDA_DEFAULT_ENV=WES-env
++ CONDA_DEFAULT_ENV=WES-env
++ export 'CONDA_PROMPT_MODIFIER=(WES-env) '
++ CONDA_PROMPT_MODIFIER='(WES-env) '
++ export CONDA_EXE=/fast/users/szyskam_c/work/miniconda/bin/conda
++ CONDA_EXE=/fast/users/szyskam_c/work/miniconda/bin/conda
++ export _CE_M=
++ _CE_M=
++ export _CE_CONDA=
++ _CE_CONDA=
++ export CONDA_PYTHON_EXE=/fast/users/szyskam_c/work/miniconda/bin/python
++ CONDA_PYTHON_EXE=/fast/users/szyskam_c/work/miniconda/bin/python
++ export CONDA_PREFIX_1=/fast/users/szyskam_c/work/miniconda
++ CONDA_PREFIX_1=/fast/users/szyskam_c/work/miniconda
+ '[' 0 '!=' 0 ']'
+ __conda_hashr
+ '[' -n '' ']'
+ '[' -n '' ']'
+ hash -r
+ echo /fast/users/szyskam_c/work/miniconda/envs/WES-env activated
/fast/users/szyskam_c/work/miniconda/envs/WES-env activated
+ DRMAA=' -p medium -t 01:30 --mem-per-cpu=3000 --nodes=1 -n {threads}'
+ DRMAA=' -p medium -t 01:30 --mem-per-cpu=3000 --nodes=1 -n {threads} -o logs/%x-%j.log'
+ snakemake --unlock --rerun-incomplete
Building DAG of jobs...
Unlocking working directory.
+ snakemake --dag
+ dot -Tsvg
Building DAG of jobs...
+ snakemake --use-conda --rerun-incomplete --drmaa ' -p medium -t 01:30 --mem-per-cpu=3000 --nodes=1 -n {threads} -o logs/%x-%j.log' -prk -j 500
Building DAG of jobs...
Using shell: /usr/bin/bash
Provided cluster nodes: 500
Job counts:
	count	jobs
	1	IGVnav
	1	all
	23	anno2EB
	1	annovar
	1	bam_QC
	2	bam_metrix
	1	combine_annotations
	1	combine_filter1
	2	cover_BED
	1	detect_HDR
	1	edit_mutation_list
	1	filter1
	1	filter2
	2	filter_bam
	1	filter_pileup
	1	fisher_strand
	1	insert_QC
	2	insert_metrix
	1	mergeEBscore
	2	merge_final_bam
	1	merge_table
	46	mpileup
	1	primer3
	44	split_final_bam
	23	varscan
	23	varscan2table
	185

[Wed Jun 24 12:01:00 2020]
rule split_final_bam:
    input: /fast/users/szyskam_c/scratch/develop/testbam/002_A.bam
    output: bamfinalsplit/002_A.chr12.bam
    jobid: 26
    reason: Missing output files: bamfinalsplit/002_A.chr12.bam
    wildcards: sample=002, type=A, chrom=chr12
    threads: 20

Submitted DRMAA job 26 with external jobid 1513425.

[Wed Jun 24 12:01:00 2020]
rule split_final_bam:
    input: /fast/users/szyskam_c/scratch/develop/testbam/002_A.bam
    output: bamfinalsplit/002_A.chr6.bam
    jobid: 20
    reason: Missing output files: bamfinalsplit/002_A.chr6.bam
    wildcards: sample=002, type=A, chrom=chr6
    threads: 20

Submitted DRMAA job 20 with external jobid 1513426.

[Wed Jun 24 12:01:00 2020]
rule split_final_bam:
    input: /fast/users/szyskam_c/scratch/develop/testbam/002_A.bam
    output: bamfinalsplit/002_A.chr10.bam
    jobid: 24
    reason: Missing output files: bamfinalsplit/002_A.chr10.bam
    wildcards: sample=002, type=A, chrom=chr10
    threads: 20

Submitted DRMAA job 24 with external jobid 1513427.

[Wed Jun 24 12:01:00 2020]
rule split_final_bam:
    input: /fast/users/szyskam_c/scratch/develop/testbam/002_B.bam
    output: bamfinalsplit/002_B.chr15.bam
    jobid: 52
    reason: Missing output files: bamfinalsplit/002_B.chr15.bam
    wildcards: sample=002, type=B, chrom=chr15
    threads: 20

Submitted DRMAA job 52 with external jobid 1513428.

[Wed Jun 24 12:01:00 2020]
rule split_final_bam:
    input: /fast/users/szyskam_c/scratch/develop/testbam/002_B.bam
    output: bamfinalsplit/002_B.chr3.bam
    jobid: 40
    reason: Missing output files: bamfinalsplit/002_B.chr3.bam
    wildcards: sample=002, type=B, chrom=chr3
    threads: 20

Submitted DRMAA job 40 with external jobid 1513429.

[Wed Jun 24 12:01:00 2020]
rule split_final_bam:
    input: /fast/users/szyskam_c/scratch/develop/testbam/002_B.bam
    output: bamfinalsplit/002_B.chr5.bam
    jobid: 42
    reason: Missing output files: bamfinalsplit/002_B.chr5.bam
    wildcards: sample=002, type=B, chrom=chr5
    threads: 20

Submitted DRMAA job 42 with external jobid 1513430.

[Wed Jun 24 12:01:00 2020]
rule split_final_bam:
    input: /fast/users/szyskam_c/scratch/develop/testbam/002_A.bam
    output: bamfinalsplit/002_A.chr19.bam
    jobid: 33
    reason: Missing output files: bamfinalsplit/002_A.chr19.bam
    wildcards: sample=002, type=A, chrom=chr19
    threads: 20

Submitted DRMAA job 33 with external jobid 1513431.

[Wed Jun 24 12:01:00 2020]
rule split_final_bam:
    input: /fast/users/szyskam_c/scratch/develop/testbam/002_A.bam
    output: bamfinalsplit/002_A.chr8.bam
    jobid: 22
    reason: Missing output files: bamfinalsplit/002_A.chr8.bam
    wildcards: sample=002, type=A, chrom=chr8
    threads: 20

Submitted DRMAA job 22 with external jobid 1513432.

[Wed Jun 24 12:01:00 2020]
rule split_final_bam:
    input: /fast/users/szyskam_c/scratch/develop/testbam/002_A.bam
    output: bamfinalsplit/002_A.chr17.bam
    jobid: 31
    reason: Missing output files: bamfinalsplit/002_A.chr17.bam
    wildcards: sample=002, type=A, chrom=chr17
    threads: 20

Submitted DRMAA job 31 with external jobid 1513433.

[Wed Jun 24 12:01:00 2020]
rule split_final_bam:
    input: /fast/users/szyskam_c/scratch/develop/testbam/002_A.bam
    output: bamfinalsplit/002_A.chrX.bam
    jobid: 37
    reason: Missing output files: bamfinalsplit/002_A.chrX.bam
    wildcards: sample=002, type=A, chrom=chrX
    threads: 20

Submitted DRMAA job 37 with external jobid 1513434.

[Wed Jun 24 12:01:01 2020]
rule split_final_bam:
    input: /fast/users/szyskam_c/scratch/develop/testbam/002_A.bam
    output: bamfinalsplit/002_A.chr11.bam
    jobid: 25
    reason: Missing output files: bamfinalsplit/002_A.chr11.bam
    wildcards: sample=002, type=A, chrom=chr11
    threads: 20

Submitted DRMAA job 25 with external jobid 1513435.

[Wed Jun 24 12:01:01 2020]
rule split_final_bam:
    input: /fast/users/szyskam_c/scratch/develop/testbam/002_A.bam
    output: bamfinalsplit/002_A.chr13.bam
    jobid: 27
    reason: Missing output files: bamfinalsplit/002_A.chr13.bam
    wildcards: sample=002, type=A, chrom=chr13
    threads: 20

Submitted DRMAA job 27 with external jobid 1513436.

[Wed Jun 24 12:01:01 2020]
rule split_final_bam:
    input: /fast/users/szyskam_c/scratch/develop/testbam/002_B.bam
    output: bamfinalsplit/002_B.chr16.bam
    jobid: 53
    reason: Missing output files: bamfinalsplit/002_B.chr16.bam
    wildcards: sample=002, type=B, chrom=chr16
    threads: 20

Submitted DRMAA job 53 with external jobid 1513437.

[Wed Jun 24 12:01:01 2020]
rule split_final_bam:
    input: /fast/users/szyskam_c/scratch/develop/testbam/002_A.bam
    output: bamfinalsplit/002_A.chr18.bam
    jobid: 32
    reason: Missing output files: bamfinalsplit/002_A.chr18.bam
    wildcards: sample=002, type=A, chrom=chr18
    threads: 20

Submitted DRMAA job 32 with external jobid 1513438.

[Wed Jun 24 12:01:01 2020]
rule split_final_bam:
    input: /fast/users/szyskam_c/scratch/develop/testbam/002_B.bam
    output: bamfinalsplit/002_B.chr14.bam
    jobid: 51
    reason: Missing output files: bamfinalsplit/002_B.chr14.bam
    wildcards: sample=002, type=B, chrom=chr14
    threads: 20

Submitted DRMAA job 51 with external jobid 1513439.

[Wed Jun 24 12:01:01 2020]
rule split_final_bam:
    input: /fast/users/szyskam_c/scratch/develop/testbam/002_B.bam
    output: bamfinalsplit/002_B.chr22.bam
    jobid: 59
    reason: Missing output files: bamfinalsplit/002_B.chr22.bam
    wildcards: sample=002, type=B, chrom=chr22
    threads: 20

Submitted DRMAA job 59 with external jobid 1513440.

[Wed Jun 24 12:01:01 2020]
rule split_final_bam:
    input: /fast/users/szyskam_c/scratch/develop/testbam/002_A.bam
    output: bamfinalsplit/002_A.chr2.bam
    jobid: 16
    reason: Missing output files: bamfinalsplit/002_A.chr2.bam
    wildcards: sample=002, type=A, chrom=chr2
    threads: 20

Submitted DRMAA job 16 with external jobid 1513441.

[Wed Jun 24 12:01:01 2020]
rule split_final_bam:
    input: /fast/users/szyskam_c/scratch/develop/testbam/002_A.bam
    output: bamfinalsplit/002_A.chr9.bam
    jobid: 23
    reason: Missing output files: bamfinalsplit/002_A.chr9.bam
    wildcards: sample=002, type=A, chrom=chr9
    threads: 20

Submitted DRMAA job 23 with external jobid 1513442.

[Wed Jun 24 12:01:01 2020]
rule split_final_bam:
    input: /fast/users/szyskam_c/scratch/develop/testbam/002_B.bam
    output: bamfinalsplit/002_B.chr1.bam
    jobid: 38
    reason: Missing output files: bamfinalsplit/002_B.chr1.bam
    wildcards: sample=002, type=B, chrom=chr1
    threads: 20

Submitted DRMAA job 38 with external jobid 1513443.

[Wed Jun 24 12:01:02 2020]
rule split_final_bam:
    input: /fast/users/szyskam_c/scratch/develop/testbam/002_B.bam
    output: bamfinalsplit/002_B.chr4.bam
    jobid: 41
    reason: Missing output files: bamfinalsplit/002_B.chr4.bam
    wildcards: sample=002, type=B, chrom=chr4
    threads: 20

Submitted DRMAA job 41 with external jobid 1513444.
