+ unset DRMAA_LIBRARY_PATH
+++ which conda
++ /fast/users/szyskam_c/work/miniconda/condabin/conda shell.bash hook
+ eval 'export CONDA_EXE='\''/fast/users/szyskam_c/work/miniconda/bin/conda'\''
export _CE_M='\'''\''
export _CE_CONDA='\'''\''
export CONDA_PYTHON_EXE='\''/fast/users/szyskam_c/work/miniconda/bin/python'\''

# Copyright (C) 2012 Anaconda, Inc
# SPDX-License-Identifier: BSD-3-Clause

__add_sys_prefix_to_path() {
    # In dev-mode CONDA_EXE is python.exe and on Windows
    # it is in a different relative location to condabin.
    if [ -n "${_CE_CONDA}" ] && [ -n "${WINDIR+x}" ]; then
        SYSP=$(\dirname "${CONDA_EXE}")
    else
        SYSP=$(\dirname "${CONDA_EXE}")
        SYSP=$(\dirname "${SYSP}")
    fi

    if [ -n "${WINDIR+x}" ]; then
        PATH="${SYSP}/bin:${PATH}"
        PATH="${SYSP}/Scripts:${PATH}"
        PATH="${SYSP}/Library/bin:${PATH}"
        PATH="${SYSP}/Library/usr/bin:${PATH}"
        PATH="${SYSP}/Library/mingw-w64/bin:${PATH}"
        PATH="${SYSP}:${PATH}"
    else
        PATH="${SYSP}/bin:${PATH}"
    fi
    \export PATH
}

__conda_hashr() {
    if [ -n "${ZSH_VERSION:+x}" ]; then
        \rehash
    elif [ -n "${POSH_VERSION:+x}" ]; then
        :  # pass
    else
        \hash -r
    fi
}

__conda_activate() {
    if [ -n "${CONDA_PS1_BACKUP:+x}" ]; then
        # Handle transition from shell activated with conda <= 4.3 to a subsequent activation
        # after conda updated to >= 4.4. See issue #6173.
        PS1="$CONDA_PS1_BACKUP"
        \unset CONDA_PS1_BACKUP
    fi

    \local cmd="$1"
    shift
    \local ask_conda
    CONDA_INTERNAL_OLDPATH="${PATH}"
    __add_sys_prefix_to_path
    ask_conda="$(PS1="$PS1" "$CONDA_EXE" $_CE_M $_CE_CONDA shell.posix "$cmd" "$@")" || \return $?
    rc=$?
    PATH="${CONDA_INTERNAL_OLDPATH}"
    \eval "$ask_conda"
    if [ $rc != 0 ]; then
        \export PATH
    fi
    __conda_hashr
}

__conda_reactivate() {
    \local ask_conda
    CONDA_INTERNAL_OLDPATH="${PATH}"
    __add_sys_prefix_to_path
    ask_conda="$(PS1="$PS1" "$CONDA_EXE" $_CE_M $_CE_CONDA shell.posix reactivate)" || \return $?
    PATH="${CONDA_INTERNAL_OLDPATH}"
    \eval "$ask_conda"
    __conda_hashr
}

conda() {
    if [ "$#" -lt 1 ]; then
        "$CONDA_EXE" $_CE_M $_CE_CONDA
    else
        \local cmd="$1"
        shift
        case "$cmd" in
            activate|deactivate)
                __conda_activate "$cmd" "$@"
                ;;
            install|update|upgrade|remove|uninstall)
                CONDA_INTERNAL_OLDPATH="${PATH}"
                __add_sys_prefix_to_path
                "$CONDA_EXE" $_CE_M $_CE_CONDA "$cmd" "$@"
                \local t1=$?
                PATH="${CONDA_INTERNAL_OLDPATH}"
                if [ $t1 = 0 ]; then
                    __conda_reactivate
                else
                    return $t1
                fi
                ;;
            *)
                CONDA_INTERNAL_OLDPATH="${PATH}"
                __add_sys_prefix_to_path
                "$CONDA_EXE" $_CE_M $_CE_CONDA "$cmd" "$@"
                \local t1=$?
                PATH="${CONDA_INTERNAL_OLDPATH}"
                return $t1
                ;;
        esac
    fi
}

if [ -z "${CONDA_SHLVL+x}" ]; then
    \export CONDA_SHLVL=0
    # In dev-mode CONDA_EXE is python.exe and on Windows
    # it is in a different relative location to condabin.
    if [ -n "${_CE_CONDA+x}" ] && [ -n "${WINDIR+x}" ]; then
        PATH="$(\dirname "$CONDA_EXE")/condabin${PATH:+":${PATH}"}"
    else
        PATH="$(\dirname "$(\dirname "$CONDA_EXE")")/condabin${PATH:+":${PATH}"}"
    fi
    \export PATH

    # We'\''re not allowing PS1 to be unbound. It must at least be set.
    # However, we'\''re not exporting it, which can cause problems when starting a second shell
    # via a first shell (i.e. starting zsh from bash).
    if [ -z "${PS1+x}" ]; then
        PS1=
    fi
fi

conda activate base'
++ export CONDA_EXE=/fast/users/szyskam_c/work/miniconda/bin/conda
++ CONDA_EXE=/fast/users/szyskam_c/work/miniconda/bin/conda
++ export _CE_M=
++ _CE_M=
++ export _CE_CONDA=
++ _CE_CONDA=
++ export CONDA_PYTHON_EXE=/fast/users/szyskam_c/work/miniconda/bin/python
++ CONDA_PYTHON_EXE=/fast/users/szyskam_c/work/miniconda/bin/python
++ '[' -z x ']'
++ conda activate base
++ '[' 2 -lt 1 ']'
++ local cmd=activate
++ shift
++ case "$cmd" in
++ __conda_activate activate base
++ '[' -n '' ']'
++ local cmd=activate
++ shift
++ local ask_conda
++ CONDA_INTERNAL_OLDPATH=/fast/users/szyskam_c/work/miniconda/envs/WES-env/bin:/fast/users/szyskam_c/work/miniconda/condabin:/fast/users/szyskam_c/work/utils/myscripts/symlinx:/fast/users/szyskam_c/work/miniconda/bin:/fast/users/szyskam_c/.local/bin:/fast/users/szyskam_c/work/utils/cellranger-3.1.0:/opt/sge/bin:/opt/sge/bin/lx-amd64:/usr/local/bin:/usr/bin:/usr/local/sbin:/usr/sbin
++ __add_sys_prefix_to_path
++ '[' -n '' ']'
+++ dirname /fast/users/szyskam_c/work/miniconda/bin/conda
++ SYSP=/fast/users/szyskam_c/work/miniconda/bin
+++ dirname /fast/users/szyskam_c/work/miniconda/bin
++ SYSP=/fast/users/szyskam_c/work/miniconda
++ '[' -n '' ']'
++ PATH=/fast/users/szyskam_c/work/miniconda/bin:/fast/users/szyskam_c/work/miniconda/envs/WES-env/bin:/fast/users/szyskam_c/work/miniconda/condabin:/fast/users/szyskam_c/work/utils/myscripts/symlinx:/fast/users/szyskam_c/work/miniconda/bin:/fast/users/szyskam_c/.local/bin:/fast/users/szyskam_c/work/utils/cellranger-3.1.0:/opt/sge/bin:/opt/sge/bin/lx-amd64:/usr/local/bin:/usr/bin:/usr/local/sbin:/usr/sbin
++ export PATH
+++ PS1=
+++ /fast/users/szyskam_c/work/miniconda/bin/conda shell.posix activate base
++ ask_conda='export PATH='\''/fast/users/szyskam_c/work/miniconda/bin:/fast/users/szyskam_c/work/miniconda/condabin:/fast/users/szyskam_c/work/utils/myscripts/symlinx:/fast/users/szyskam_c/work/miniconda/bin:/fast/users/szyskam_c/.local/bin:/fast/users/szyskam_c/work/utils/cellranger-3.1.0:/opt/sge/bin:/opt/sge/bin/lx-amd64:/usr/local/bin:/usr/bin:/usr/local/sbin:/usr/sbin'\''
unset CONDA_PREFIX_1
PS1='\''(base) '\''
export CONDA_PREFIX='\''/fast/users/szyskam_c/work/miniconda'\''
export CONDA_SHLVL='\''1'\''
export CONDA_DEFAULT_ENV='\''base'\''
export CONDA_PROMPT_MODIFIER='\''(base) '\''
export CONDA_EXE='\''/fast/users/szyskam_c/work/miniconda/bin/conda'\''
export _CE_M='\'''\''
export _CE_CONDA='\'''\''
export CONDA_PYTHON_EXE='\''/fast/users/szyskam_c/work/miniconda/bin/python'\'''
++ rc=0
++ PATH=/fast/users/szyskam_c/work/miniconda/envs/WES-env/bin:/fast/users/szyskam_c/work/miniconda/condabin:/fast/users/szyskam_c/work/utils/myscripts/symlinx:/fast/users/szyskam_c/work/miniconda/bin:/fast/users/szyskam_c/.local/bin:/fast/users/szyskam_c/work/utils/cellranger-3.1.0:/opt/sge/bin:/opt/sge/bin/lx-amd64:/usr/local/bin:/usr/bin:/usr/local/sbin:/usr/sbin
++ eval 'export PATH='\''/fast/users/szyskam_c/work/miniconda/bin:/fast/users/szyskam_c/work/miniconda/condabin:/fast/users/szyskam_c/work/utils/myscripts/symlinx:/fast/users/szyskam_c/work/miniconda/bin:/fast/users/szyskam_c/.local/bin:/fast/users/szyskam_c/work/utils/cellranger-3.1.0:/opt/sge/bin:/opt/sge/bin/lx-amd64:/usr/local/bin:/usr/bin:/usr/local/sbin:/usr/sbin'\''
unset CONDA_PREFIX_1
PS1='\''(base) '\''
export CONDA_PREFIX='\''/fast/users/szyskam_c/work/miniconda'\''
export CONDA_SHLVL='\''1'\''
export CONDA_DEFAULT_ENV='\''base'\''
export CONDA_PROMPT_MODIFIER='\''(base) '\''
export CONDA_EXE='\''/fast/users/szyskam_c/work/miniconda/bin/conda'\''
export _CE_M='\'''\''
export _CE_CONDA='\'''\''
export CONDA_PYTHON_EXE='\''/fast/users/szyskam_c/work/miniconda/bin/python'\'''
+++ export PATH=/fast/users/szyskam_c/work/miniconda/bin:/fast/users/szyskam_c/work/miniconda/condabin:/fast/users/szyskam_c/work/utils/myscripts/symlinx:/fast/users/szyskam_c/work/miniconda/bin:/fast/users/szyskam_c/.local/bin:/fast/users/szyskam_c/work/utils/cellranger-3.1.0:/opt/sge/bin:/opt/sge/bin/lx-amd64:/usr/local/bin:/usr/bin:/usr/local/sbin:/usr/sbin
+++ PATH=/fast/users/szyskam_c/work/miniconda/bin:/fast/users/szyskam_c/work/miniconda/condabin:/fast/users/szyskam_c/work/utils/myscripts/symlinx:/fast/users/szyskam_c/work/miniconda/bin:/fast/users/szyskam_c/.local/bin:/fast/users/szyskam_c/work/utils/cellranger-3.1.0:/opt/sge/bin:/opt/sge/bin/lx-amd64:/usr/local/bin:/usr/bin:/usr/local/sbin:/usr/sbin
+++ unset CONDA_PREFIX_1
+++ PS1='(base) '
+++ export CONDA_PREFIX=/fast/users/szyskam_c/work/miniconda
+++ CONDA_PREFIX=/fast/users/szyskam_c/work/miniconda
+++ export CONDA_SHLVL=1
+++ CONDA_SHLVL=1
+++ export CONDA_DEFAULT_ENV=base
+++ CONDA_DEFAULT_ENV=base
+++ export 'CONDA_PROMPT_MODIFIER=(base) '
+++ CONDA_PROMPT_MODIFIER='(base) '
+++ export CONDA_EXE=/fast/users/szyskam_c/work/miniconda/bin/conda
+++ CONDA_EXE=/fast/users/szyskam_c/work/miniconda/bin/conda
+++ export _CE_M=
+++ _CE_M=
+++ export _CE_CONDA=
+++ _CE_CONDA=
+++ export CONDA_PYTHON_EXE=/fast/users/szyskam_c/work/miniconda/bin/python
+++ CONDA_PYTHON_EXE=/fast/users/szyskam_c/work/miniconda/bin/python
++ '[' 0 '!=' 0 ']'
++ __conda_hashr
++ '[' -n '' ']'
++ '[' -n '' ']'
++ hash -r
+ conda activate WES-env
+ '[' 2 -lt 1 ']'
+ local cmd=activate
+ shift
+ case "$cmd" in
+ __conda_activate activate WES-env
+ '[' -n '' ']'
+ local cmd=activate
+ shift
+ local ask_conda
+ CONDA_INTERNAL_OLDPATH=/fast/users/szyskam_c/work/miniconda/bin:/fast/users/szyskam_c/work/miniconda/condabin:/fast/users/szyskam_c/work/utils/myscripts/symlinx:/fast/users/szyskam_c/work/miniconda/bin:/fast/users/szyskam_c/.local/bin:/fast/users/szyskam_c/work/utils/cellranger-3.1.0:/opt/sge/bin:/opt/sge/bin/lx-amd64:/usr/local/bin:/usr/bin:/usr/local/sbin:/usr/sbin
+ __add_sys_prefix_to_path
+ '[' -n '' ']'
++ dirname /fast/users/szyskam_c/work/miniconda/bin/conda
+ SYSP=/fast/users/szyskam_c/work/miniconda/bin
++ dirname /fast/users/szyskam_c/work/miniconda/bin
+ SYSP=/fast/users/szyskam_c/work/miniconda
+ '[' -n '' ']'
+ PATH=/fast/users/szyskam_c/work/miniconda/bin:/fast/users/szyskam_c/work/miniconda/bin:/fast/users/szyskam_c/work/miniconda/condabin:/fast/users/szyskam_c/work/utils/myscripts/symlinx:/fast/users/szyskam_c/work/miniconda/bin:/fast/users/szyskam_c/.local/bin:/fast/users/szyskam_c/work/utils/cellranger-3.1.0:/opt/sge/bin:/opt/sge/bin/lx-amd64:/usr/local/bin:/usr/bin:/usr/local/sbin:/usr/sbin
+ export PATH
++ PS1='(base) '
++ /fast/users/szyskam_c/work/miniconda/bin/conda shell.posix activate WES-env
+ ask_conda='PS1='\''(WES-env) '\''
export PATH='\''/fast/users/szyskam_c/work/miniconda/envs/WES-env/bin:/fast/users/szyskam_c/work/miniconda/condabin:/fast/users/szyskam_c/work/utils/myscripts/symlinx:/fast/users/szyskam_c/work/miniconda/bin:/fast/users/szyskam_c/.local/bin:/fast/users/szyskam_c/work/utils/cellranger-3.1.0:/opt/sge/bin:/opt/sge/bin/lx-amd64:/usr/local/bin:/usr/bin:/usr/local/sbin:/usr/sbin'\''
export CONDA_PREFIX='\''/fast/users/szyskam_c/work/miniconda/envs/WES-env'\''
export CONDA_SHLVL='\''2'\''
export CONDA_DEFAULT_ENV='\''WES-env'\''
export CONDA_PROMPT_MODIFIER='\''(WES-env) '\''
export CONDA_EXE='\''/fast/users/szyskam_c/work/miniconda/bin/conda'\''
export _CE_M='\'''\''
export _CE_CONDA='\'''\''
export CONDA_PYTHON_EXE='\''/fast/users/szyskam_c/work/miniconda/bin/python'\''
export CONDA_PREFIX_1='\''/fast/users/szyskam_c/work/miniconda'\'''
+ rc=0
+ PATH=/fast/users/szyskam_c/work/miniconda/bin:/fast/users/szyskam_c/work/miniconda/condabin:/fast/users/szyskam_c/work/utils/myscripts/symlinx:/fast/users/szyskam_c/work/miniconda/bin:/fast/users/szyskam_c/.local/bin:/fast/users/szyskam_c/work/utils/cellranger-3.1.0:/opt/sge/bin:/opt/sge/bin/lx-amd64:/usr/local/bin:/usr/bin:/usr/local/sbin:/usr/sbin
+ eval 'PS1='\''(WES-env) '\''
export PATH='\''/fast/users/szyskam_c/work/miniconda/envs/WES-env/bin:/fast/users/szyskam_c/work/miniconda/condabin:/fast/users/szyskam_c/work/utils/myscripts/symlinx:/fast/users/szyskam_c/work/miniconda/bin:/fast/users/szyskam_c/.local/bin:/fast/users/szyskam_c/work/utils/cellranger-3.1.0:/opt/sge/bin:/opt/sge/bin/lx-amd64:/usr/local/bin:/usr/bin:/usr/local/sbin:/usr/sbin'\''
export CONDA_PREFIX='\''/fast/users/szyskam_c/work/miniconda/envs/WES-env'\''
export CONDA_SHLVL='\''2'\''
export CONDA_DEFAULT_ENV='\''WES-env'\''
export CONDA_PROMPT_MODIFIER='\''(WES-env) '\''
export CONDA_EXE='\''/fast/users/szyskam_c/work/miniconda/bin/conda'\''
export _CE_M='\'''\''
export _CE_CONDA='\'''\''
export CONDA_PYTHON_EXE='\''/fast/users/szyskam_c/work/miniconda/bin/python'\''
export CONDA_PREFIX_1='\''/fast/users/szyskam_c/work/miniconda'\'''
++ PS1='(WES-env) '
++ export PATH=/fast/users/szyskam_c/work/miniconda/envs/WES-env/bin:/fast/users/szyskam_c/work/miniconda/condabin:/fast/users/szyskam_c/work/utils/myscripts/symlinx:/fast/users/szyskam_c/work/miniconda/bin:/fast/users/szyskam_c/.local/bin:/fast/users/szyskam_c/work/utils/cellranger-3.1.0:/opt/sge/bin:/opt/sge/bin/lx-amd64:/usr/local/bin:/usr/bin:/usr/local/sbin:/usr/sbin
++ PATH=/fast/users/szyskam_c/work/miniconda/envs/WES-env/bin:/fast/users/szyskam_c/work/miniconda/condabin:/fast/users/szyskam_c/work/utils/myscripts/symlinx:/fast/users/szyskam_c/work/miniconda/bin:/fast/users/szyskam_c/.local/bin:/fast/users/szyskam_c/work/utils/cellranger-3.1.0:/opt/sge/bin:/opt/sge/bin/lx-amd64:/usr/local/bin:/usr/bin:/usr/local/sbin:/usr/sbin
++ export CONDA_PREFIX=/fast/users/szyskam_c/work/miniconda/envs/WES-env
++ CONDA_PREFIX=/fast/users/szyskam_c/work/miniconda/envs/WES-env
++ export CONDA_SHLVL=2
++ CONDA_SHLVL=2
++ export CONDA_DEFAULT_ENV=WES-env
++ CONDA_DEFAULT_ENV=WES-env
++ export 'CONDA_PROMPT_MODIFIER=(WES-env) '
++ CONDA_PROMPT_MODIFIER='(WES-env) '
++ export CONDA_EXE=/fast/users/szyskam_c/work/miniconda/bin/conda
++ CONDA_EXE=/fast/users/szyskam_c/work/miniconda/bin/conda
++ export _CE_M=
++ _CE_M=
++ export _CE_CONDA=
++ _CE_CONDA=
++ export CONDA_PYTHON_EXE=/fast/users/szyskam_c/work/miniconda/bin/python
++ CONDA_PYTHON_EXE=/fast/users/szyskam_c/work/miniconda/bin/python
++ export CONDA_PREFIX_1=/fast/users/szyskam_c/work/miniconda
++ CONDA_PREFIX_1=/fast/users/szyskam_c/work/miniconda
+ '[' 0 '!=' 0 ']'
+ __conda_hashr
+ '[' -n '' ']'
+ '[' -n '' ']'
+ hash -r
+ echo /fast/users/szyskam_c/work/miniconda/envs/WES-env activated
/fast/users/szyskam_c/work/miniconda/envs/WES-env activated
+ DRMAA=' -p medium -t 01:30 --mem-per-cpu=3000 --nodes=1 -n {threads}'
+ DRMAA=' -p medium -t 01:30 --mem-per-cpu=3000 --nodes=1 -n {threads} -o logs/%x-%j.log'
+ snakemake --unlock --rerun-incomplete
Building DAG of jobs...
Unlocking working directory.
+ snakemake --dag
+ dot -Tsvg
Building DAG of jobs...
+ snakemake --use-conda --rerun-incomplete --drmaa ' -p medium -t 01:30 --mem-per-cpu=3000 --nodes=1 -n {threads} -o logs/%x-%j.log' -prk -j 500
Building DAG of jobs...
Using shell: /usr/bin/bash
Provided cluster nodes: 500
Job counts:
	count	jobs
	1	IGVnav
	1	all
	23	anno2EB
	1	annovar
	1	bam_QC
	2	bam_metrix
	1	combine_annotations
	1	combine_filter1
	2	cover_BED
	1	detect_HDR
	1	edit_mutation_list
	1	filter1
	1	filter2
	2	filter_bam
	1	filter_pileup
	1	fisher_strand
	2	index_bam
	1	insert_QC
	2	insert_metrix
	1	mergeEBscore
	1	merge_recal_bam
	1	merge_table
	46	mpileup
	1	primer3
	23	varscan
	23	varscan2table
	142

[Wed Jun 24 08:06:00 2020]
rule merge_recal_bam:
    input: recalib/002_B.chr1.bam, recalib/002_B.chr2.bam, recalib/002_B.chr3.bam, recalib/002_B.chr4.bam, recalib/002_B.chr5.bam, recalib/002_B.chr6.bam, recalib/002_B.chr7.bam, recalib/002_B.chr8.bam, recalib/002_B.chr9.bam, recalib/002_B.chr10.bam, recalib/002_B.chr11.bam, recalib/002_B.chr12.bam, recalib/002_B.chr13.bam, recalib/002_B.chr14.bam, recalib/002_B.chr15.bam, recalib/002_B.chr16.bam, recalib/002_B.chr17.bam, recalib/002_B.chr18.bam, recalib/002_B.chr19.bam, recalib/002_B.chr20.bam, recalib/002_B.chr21.bam, recalib/002_B.chr22.bam, recalib/002_B.chrX.bam
    output: bamfinal/002_B.bam, bamfinal/002_B.bam.bai
    jobid: 18
    reason: Missing output files: bamfinal/002_B.bam
    wildcards: sample=002, type=B
    threads: 20

sambamba merge -t 20 bamfinal/002_B.bam recalib/002_B.*.bam; 
Submitted DRMAA job 18 with external jobid 1504899.

[Wed Jun 24 08:06:00 2020]
rule mpileup:
    input: recalib/002_B.chr4.bam
    output: pileup/002_B.chr4.pileup
    log: logs/pileup/002_B.chr4.log
    jobid: 707
    reason: Missing output files: pileup/002_B.chr4.pileup
    wildcards: sample=002, type=B, chrom=chr4
    threads: 2

samtools mpileup -f /fast/groups/ag_damm/work/ref/genome/gatk/hg38/hg38.fasta -q 20 -Q 25 -l /fast/groups/ag_damm/work/ref/bed_files/SureSelect/hg38/SS_HAEv7_hg38_Covered.bed recalib/002_B.chr4.bam > pileup/002_B.chr4.pileup 2>logs/pileup/002_B.chr4.log
Submitted DRMAA job 707 with external jobid 1504900.

[Wed Jun 24 08:06:00 2020]
rule mpileup:
    input: recalib/002_B.chr3.bam
    output: pileup/002_B.chr3.pileup
    log: logs/pileup/002_B.chr3.log
    jobid: 705
    reason: Missing output files: pileup/002_B.chr3.pileup
    wildcards: sample=002, type=B, chrom=chr3
    threads: 2

samtools mpileup -f /fast/groups/ag_damm/work/ref/genome/gatk/hg38/hg38.fasta -q 20 -Q 25 -l /fast/groups/ag_damm/work/ref/bed_files/SureSelect/hg38/SS_HAEv7_hg38_Covered.bed recalib/002_B.chr3.bam > pileup/002_B.chr3.pileup 2>logs/pileup/002_B.chr3.log
Submitted DRMAA job 705 with external jobid 1504901.

[Wed Jun 24 08:06:00 2020]
rule mpileup:
    input: recalib/002_B.chr13.bam
    output: pileup/002_B.chr13.pileup
    log: logs/pileup/002_B.chr13.log
    jobid: 725
    reason: Missing output files: pileup/002_B.chr13.pileup
    wildcards: sample=002, type=B, chrom=chr13
    threads: 2

samtools mpileup -f /fast/groups/ag_damm/work/ref/genome/gatk/hg38/hg38.fasta -q 20 -Q 25 -l /fast/groups/ag_damm/work/ref/bed_files/SureSelect/hg38/SS_HAEv7_hg38_Covered.bed recalib/002_B.chr13.bam > pileup/002_B.chr13.pileup 2>logs/pileup/002_B.chr13.log
Submitted DRMAA job 725 with external jobid 1504902.

[Wed Jun 24 08:06:00 2020]
rule mpileup:
    input: recalib/002_A.chr8.bam
    output: pileup/002_A.chr8.pileup
    log: logs/pileup/002_A.chr8.log
    jobid: 714
    reason: Missing output files: pileup/002_A.chr8.pileup
    wildcards: sample=002, type=A, chrom=chr8
    threads: 2

samtools mpileup -f /fast/groups/ag_damm/work/ref/genome/gatk/hg38/hg38.fasta -q 20 -Q 25 -l /fast/groups/ag_damm/work/ref/bed_files/SureSelect/hg38/SS_HAEv7_hg38_Covered.bed recalib/002_A.chr8.bam > pileup/002_A.chr8.pileup 2>logs/pileup/002_A.chr8.log
Submitted DRMAA job 714 with external jobid 1504903.

[Wed Jun 24 08:06:00 2020]
rule mpileup:
    input: recalib/002_A.chr9.bam
    output: pileup/002_A.chr9.pileup
    log: logs/pileup/002_A.chr9.log
    jobid: 716
    reason: Missing output files: pileup/002_A.chr9.pileup
    wildcards: sample=002, type=A, chrom=chr9
    threads: 2

samtools mpileup -f /fast/groups/ag_damm/work/ref/genome/gatk/hg38/hg38.fasta -q 20 -Q 25 -l /fast/groups/ag_damm/work/ref/bed_files/SureSelect/hg38/SS_HAEv7_hg38_Covered.bed recalib/002_A.chr9.bam > pileup/002_A.chr9.pileup 2>logs/pileup/002_A.chr9.log
Submitted DRMAA job 716 with external jobid 1504904.

[Wed Jun 24 08:06:00 2020]
rule mpileup:
    input: recalib/002_A.chr12.bam
    output: pileup/002_A.chr12.pileup
    log: logs/pileup/002_A.chr12.log
    jobid: 722
    reason: Missing output files: pileup/002_A.chr12.pileup
    wildcards: sample=002, type=A, chrom=chr12
    threads: 2

samtools mpileup -f /fast/groups/ag_damm/work/ref/genome/gatk/hg38/hg38.fasta -q 20 -Q 25 -l /fast/groups/ag_damm/work/ref/bed_files/SureSelect/hg38/SS_HAEv7_hg38_Covered.bed recalib/002_A.chr12.bam > pileup/002_A.chr12.pileup 2>logs/pileup/002_A.chr12.log
Submitted DRMAA job 722 with external jobid 1504905.

[Wed Jun 24 08:06:00 2020]
rule mpileup:
    input: recalib/002_A.chr14.bam
    output: pileup/002_A.chr14.pileup
    log: logs/pileup/002_A.chr14.log
    jobid: 726
    reason: Missing output files: pileup/002_A.chr14.pileup
    wildcards: sample=002, type=A, chrom=chr14
    threads: 2

samtools mpileup -f /fast/groups/ag_damm/work/ref/genome/gatk/hg38/hg38.fasta -q 20 -Q 25 -l /fast/groups/ag_damm/work/ref/bed_files/SureSelect/hg38/SS_HAEv7_hg38_Covered.bed recalib/002_A.chr14.bam > pileup/002_A.chr14.pileup 2>logs/pileup/002_A.chr14.log
Submitted DRMAA job 726 with external jobid 1504906.

[Wed Jun 24 08:06:00 2020]
rule mpileup:
    input: recalib/002_A.chrX.bam
    output: pileup/002_A.chrX.pileup
    log: logs/pileup/002_A.chrX.log
    jobid: 744
    reason: Missing output files: pileup/002_A.chrX.pileup
    wildcards: sample=002, type=A, chrom=chrX
    threads: 2

samtools mpileup -f /fast/groups/ag_damm/work/ref/genome/gatk/hg38/hg38.fasta -q 20 -Q 25 -l /fast/groups/ag_damm/work/ref/bed_files/SureSelect/hg38/SS_HAEv7_hg38_Covered.bed recalib/002_A.chrX.bam > pileup/002_A.chrX.pileup 2>logs/pileup/002_A.chrX.log
Submitted DRMAA job 744 with external jobid 1504907.

[Wed Jun 24 08:06:00 2020]
rule cover_BED:
    input: bamfinal/002_A.bam, /fast/groups/ag_damm/work/ref/genome/gatk/hg38/gen_ref.done
    output: coverBED/002_A.txt
    log: logs/coverBED/002_A.log
    jobid: 4
    reason: Missing output files: coverBED/002_A.txt
    wildcards: sample=002, type=A
    threads: 2

Submitted DRMAA job 4 with external jobid 1504908.

[Wed Jun 24 08:06:01 2020]
rule mpileup:
    input: recalib/002_B.chr10.bam
    output: pileup/002_B.chr10.pileup
    log: logs/pileup/002_B.chr10.log
    jobid: 719
    reason: Missing output files: pileup/002_B.chr10.pileup
    wildcards: sample=002, type=B, chrom=chr10
    threads: 2

samtools mpileup -f /fast/groups/ag_damm/work/ref/genome/gatk/hg38/hg38.fasta -q 20 -Q 25 -l /fast/groups/ag_damm/work/ref/bed_files/SureSelect/hg38/SS_HAEv7_hg38_Covered.bed recalib/002_B.chr10.bam > pileup/002_B.chr10.pileup 2>logs/pileup/002_B.chr10.log
Submitted DRMAA job 719 with external jobid 1504909.

[Wed Jun 24 08:06:01 2020]
rule mpileup:
    input: recalib/002_B.chr20.bam
    output: pileup/002_B.chr20.pileup
    log: logs/pileup/002_B.chr20.log
    jobid: 739
    reason: Missing output files: pileup/002_B.chr20.pileup
    wildcards: sample=002, type=B, chrom=chr20
    threads: 2

samtools mpileup -f /fast/groups/ag_damm/work/ref/genome/gatk/hg38/hg38.fasta -q 20 -Q 25 -l /fast/groups/ag_damm/work/ref/bed_files/SureSelect/hg38/SS_HAEv7_hg38_Covered.bed recalib/002_B.chr20.bam > pileup/002_B.chr20.pileup 2>logs/pileup/002_B.chr20.log
Submitted DRMAA job 739 with external jobid 1504910.

[Wed Jun 24 08:06:01 2020]
rule mpileup:
    input: recalib/002_A.chr21.bam
    output: pileup/002_A.chr21.pileup
    log: logs/pileup/002_A.chr21.log
    jobid: 740
    reason: Missing output files: pileup/002_A.chr21.pileup
    wildcards: sample=002, type=A, chrom=chr21
    threads: 2

samtools mpileup -f /fast/groups/ag_damm/work/ref/genome/gatk/hg38/hg38.fasta -q 20 -Q 25 -l /fast/groups/ag_damm/work/ref/bed_files/SureSelect/hg38/SS_HAEv7_hg38_Covered.bed recalib/002_A.chr21.bam > pileup/002_A.chr21.pileup 2>logs/pileup/002_A.chr21.log
Submitted DRMAA job 740 with external jobid 1504911.

[Wed Jun 24 08:06:01 2020]
rule mpileup:
    input: recalib/002_B.chr18.bam
    output: pileup/002_B.chr18.pileup
    log: logs/pileup/002_B.chr18.log
    jobid: 735
    reason: Missing output files: pileup/002_B.chr18.pileup
    wildcards: sample=002, type=B, chrom=chr18
    threads: 2

samtools mpileup -f /fast/groups/ag_damm/work/ref/genome/gatk/hg38/hg38.fasta -q 20 -Q 25 -l /fast/groups/ag_damm/work/ref/bed_files/SureSelect/hg38/SS_HAEv7_hg38_Covered.bed recalib/002_B.chr18.bam > pileup/002_B.chr18.pileup 2>logs/pileup/002_B.chr18.log
Submitted DRMAA job 735 with external jobid 1504912.

[Wed Jun 24 08:06:01 2020]
rule mpileup:
    input: recalib/002_B.chr22.bam
    output: pileup/002_B.chr22.pileup
    log: logs/pileup/002_B.chr22.log
    jobid: 743
    reason: Missing output files: pileup/002_B.chr22.pileup
    wildcards: sample=002, type=B, chrom=chr22
    threads: 2

samtools mpileup -f /fast/groups/ag_damm/work/ref/genome/gatk/hg38/hg38.fasta -q 20 -Q 25 -l /fast/groups/ag_damm/work/ref/bed_files/SureSelect/hg38/SS_HAEv7_hg38_Covered.bed recalib/002_B.chr22.bam > pileup/002_B.chr22.pileup 2>logs/pileup/002_B.chr22.log
Submitted DRMAA job 743 with external jobid 1504913.

[Wed Jun 24 08:06:01 2020]
rule mpileup:
    input: recalib/002_B.chr17.bam
    output: pileup/002_B.chr17.pileup
    log: logs/pileup/002_B.chr17.log
    jobid: 733
    reason: Missing output files: pileup/002_B.chr17.pileup
    wildcards: sample=002, type=B, chrom=chr17
    threads: 2

samtools mpileup -f /fast/groups/ag_damm/work/ref/genome/gatk/hg38/hg38.fasta -q 20 -Q 25 -l /fast/groups/ag_damm/work/ref/bed_files/SureSelect/hg38/SS_HAEv7_hg38_Covered.bed recalib/002_B.chr17.bam > pileup/002_B.chr17.pileup 2>logs/pileup/002_B.chr17.log
Submitted DRMAA job 733 with external jobid 1504914.

[Wed Jun 24 08:06:01 2020]
rule mpileup:
    input: recalib/002_A.chr2.bam
    output: pileup/002_A.chr2.pileup
    log: logs/pileup/002_A.chr2.log
    jobid: 702
    reason: Missing output files: pileup/002_A.chr2.pileup
    wildcards: sample=002, type=A, chrom=chr2
    threads: 2

samtools mpileup -f /fast/groups/ag_damm/work/ref/genome/gatk/hg38/hg38.fasta -q 20 -Q 25 -l /fast/groups/ag_damm/work/ref/bed_files/SureSelect/hg38/SS_HAEv7_hg38_Covered.bed recalib/002_A.chr2.bam > pileup/002_A.chr2.pileup 2>logs/pileup/002_A.chr2.log
Submitted DRMAA job 702 with external jobid 1504915.

[Wed Jun 24 08:06:01 2020]
rule mpileup:
    input: recalib/002_A.chr15.bam
    output: pileup/002_A.chr15.pileup
    log: logs/pileup/002_A.chr15.log
    jobid: 728
    reason: Missing output files: pileup/002_A.chr15.pileup
    wildcards: sample=002, type=A, chrom=chr15
    threads: 2

samtools mpileup -f /fast/groups/ag_damm/work/ref/genome/gatk/hg38/hg38.fasta -q 20 -Q 25 -l /fast/groups/ag_damm/work/ref/bed_files/SureSelect/hg38/SS_HAEv7_hg38_Covered.bed recalib/002_A.chr15.bam > pileup/002_A.chr15.pileup 2>logs/pileup/002_A.chr15.log
Submitted DRMAA job 728 with external jobid 1504916.

[Wed Jun 24 08:06:01 2020]
rule mpileup:
    input: recalib/002_A.chr19.bam
    output: pileup/002_A.chr19.pileup
    log: logs/pileup/002_A.chr19.log
    jobid: 736
    reason: Missing output files: pileup/002_A.chr19.pileup
    wildcards: sample=002, type=A, chrom=chr19
    threads: 2

samtools mpileup -f /fast/groups/ag_damm/work/ref/genome/gatk/hg38/hg38.fasta -q 20 -Q 25 -l /fast/groups/ag_damm/work/ref/bed_files/SureSelect/hg38/SS_HAEv7_hg38_Covered.bed recalib/002_A.chr19.bam > pileup/002_A.chr19.pileup 2>logs/pileup/002_A.chr19.log
Submitted DRMAA job 736 with external jobid 1504917.

[Wed Jun 24 08:06:01 2020]
rule mpileup:
    input: recalib/002_A.chr5.bam
    output: pileup/002_A.chr5.pileup
    log: logs/pileup/002_A.chr5.log
    jobid: 708
    reason: Missing output files: pileup/002_A.chr5.pileup
    wildcards: sample=002, type=A, chrom=chr5
    threads: 2

samtools mpileup -f /fast/groups/ag_damm/work/ref/genome/gatk/hg38/hg38.fasta -q 20 -Q 25 -l /fast/groups/ag_damm/work/ref/bed_files/SureSelect/hg38/SS_HAEv7_hg38_Covered.bed recalib/002_A.chr5.bam > pileup/002_A.chr5.pileup 2>logs/pileup/002_A.chr5.log
Submitted DRMAA job 708 with external jobid 1504918.

[Wed Jun 24 08:06:02 2020]
rule mpileup:
    input: recalib/002_B.chr1.bam
    output: pileup/002_B.chr1.pileup
    log: logs/pileup/002_B.chr1.log
    jobid: 701
    reason: Missing output files: pileup/002_B.chr1.pileup
    wildcards: sample=002, type=B, chrom=chr1
    threads: 2

samtools mpileup -f /fast/groups/ag_damm/work/ref/genome/gatk/hg38/hg38.fasta -q 20 -Q 25 -l /fast/groups/ag_damm/work/ref/bed_files/SureSelect/hg38/SS_HAEv7_hg38_Covered.bed recalib/002_B.chr1.bam > pileup/002_B.chr1.pileup 2>logs/pileup/002_B.chr1.log
Submitted DRMAA job 701 with external jobid 1504919.

[Wed Jun 24 08:06:02 2020]
rule mpileup:
    input: recalib/002_B.chr6.bam
    output: pileup/002_B.chr6.pileup
    log: logs/pileup/002_B.chr6.log
    jobid: 711
    reason: Missing output files: pileup/002_B.chr6.pileup
    wildcards: sample=002, type=B, chrom=chr6
    threads: 2

samtools mpileup -f /fast/groups/ag_damm/work/ref/genome/gatk/hg38/hg38.fasta -q 20 -Q 25 -l /fast/groups/ag_damm/work/ref/bed_files/SureSelect/hg38/SS_HAEv7_hg38_Covered.bed recalib/002_B.chr6.bam > pileup/002_B.chr6.pileup 2>logs/pileup/002_B.chr6.log
Submitted DRMAA job 711 with external jobid 1504920.

[Wed Jun 24 08:06:02 2020]
rule mpileup:
    input: recalib/002_B.chr7.bam
    output: pileup/002_B.chr7.pileup
    log: logs/pileup/002_B.chr7.log
    jobid: 713
    reason: Missing output files: pileup/002_B.chr7.pileup
    wildcards: sample=002, type=B, chrom=chr7
    threads: 2

samtools mpileup -f /fast/groups/ag_damm/work/ref/genome/gatk/hg38/hg38.fasta -q 20 -Q 25 -l /fast/groups/ag_damm/work/ref/bed_files/SureSelect/hg38/SS_HAEv7_hg38_Covered.bed recalib/002_B.chr7.bam > pileup/002_B.chr7.pileup 2>logs/pileup/002_B.chr7.log
Submitted DRMAA job 713 with external jobid 1504921.

[Wed Jun 24 08:06:02 2020]
rule mpileup:
    input: recalib/002_B.chr11.bam
    output: pileup/002_B.chr11.pileup
    log: logs/pileup/002_B.chr11.log
    jobid: 721
    reason: Missing output files: pileup/002_B.chr11.pileup
    wildcards: sample=002, type=B, chrom=chr11
    threads: 2

samtools mpileup -f /fast/groups/ag_damm/work/ref/genome/gatk/hg38/hg38.fasta -q 20 -Q 25 -l /fast/groups/ag_damm/work/ref/bed_files/SureSelect/hg38/SS_HAEv7_hg38_Covered.bed recalib/002_B.chr11.bam > pileup/002_B.chr11.pileup 2>logs/pileup/002_B.chr11.log
Submitted DRMAA job 721 with external jobid 1504922.

[Wed Jun 24 08:06:02 2020]
rule mpileup:
    input: recalib/002_A.chr16.bam
    output: pileup/002_A.chr16.pileup
    log: logs/pileup/002_A.chr16.log
    jobid: 730
    reason: Missing output files: pileup/002_A.chr16.pileup
    wildcards: sample=002, type=A, chrom=chr16
    threads: 2

samtools mpileup -f /fast/groups/ag_damm/work/ref/genome/gatk/hg38/hg38.fasta -q 20 -Q 25 -l /fast/groups/ag_damm/work/ref/bed_files/SureSelect/hg38/SS_HAEv7_hg38_Covered.bed recalib/002_A.chr16.bam > pileup/002_A.chr16.pileup 2>logs/pileup/002_A.chr16.log
Submitted DRMAA job 730 with external jobid 1504923.

[Wed Jun 24 08:06:02 2020]
rule index_bam:
    input: bamfinal/002_A.bam
    output: bamfinal/002_A.bai
    jobid: 25
    reason: Missing output files: bamfinal/002_A.bai; Updated input files: bamfinal/002_A.bam
    wildcards: folder=bamfinal, sample=002, type=A
    threads: 2

picard BuildBamIndex INPUT=bamfinal/002_A.bam
Submitted DRMAA job 25 with external jobid 1504924.

[Wed Jun 24 08:06:02 2020]
rule mpileup:
    input: recalib/002_B.chr9.bam
    output: pileup/002_B.chr9.pileup
    log: logs/pileup/002_B.chr9.log
    jobid: 717
    reason: Missing output files: pileup/002_B.chr9.pileup
    wildcards: sample=002, type=B, chrom=chr9
    threads: 2

samtools mpileup -f /fast/groups/ag_damm/work/ref/genome/gatk/hg38/hg38.fasta -q 20 -Q 25 -l /fast/groups/ag_damm/work/ref/bed_files/SureSelect/hg38/SS_HAEv7_hg38_Covered.bed recalib/002_B.chr9.bam > pileup/002_B.chr9.pileup 2>logs/pileup/002_B.chr9.log
Submitted DRMAA job 717 with external jobid 1504925.

[Wed Jun 24 08:06:02 2020]
rule mpileup:
    input: recalib/002_B.chrX.bam
    output: pileup/002_B.chrX.pileup
    log: logs/pileup/002_B.chrX.log
    jobid: 745
    reason: Missing output files: pileup/002_B.chrX.pileup
    wildcards: sample=002, type=B, chrom=chrX
    threads: 2

samtools mpileup -f /fast/groups/ag_damm/work/ref/genome/gatk/hg38/hg38.fasta -q 20 -Q 25 -l /fast/groups/ag_damm/work/ref/bed_files/SureSelect/hg38/SS_HAEv7_hg38_Covered.bed recalib/002_B.chrX.bam > pileup/002_B.chrX.pileup 2>logs/pileup/002_B.chrX.log
Submitted DRMAA job 745 with external jobid 1504926.

[Wed Jun 24 08:06:02 2020]
rule mpileup:
    input: recalib/002_B.chr14.bam
    output: pileup/002_B.chr14.pileup
    log: logs/pileup/002_B.chr14.log
    jobid: 727
    reason: Missing output files: pileup/002_B.chr14.pileup
    wildcards: sample=002, type=B, chrom=chr14
    threads: 2

samtools mpileup -f /fast/groups/ag_damm/work/ref/genome/gatk/hg38/hg38.fasta -q 20 -Q 25 -l /fast/groups/ag_damm/work/ref/bed_files/SureSelect/hg38/SS_HAEv7_hg38_Covered.bed recalib/002_B.chr14.bam > pileup/002_B.chr14.pileup 2>logs/pileup/002_B.chr14.log
Submitted DRMAA job 727 with external jobid 1504927.

[Wed Jun 24 08:06:02 2020]
rule mpileup:
    input: recalib/002_B.chr12.bam
    output: pileup/002_B.chr12.pileup
    log: logs/pileup/002_B.chr12.log
    jobid: 723
    reason: Missing output files: pileup/002_B.chr12.pileup
    wildcards: sample=002, type=B, chrom=chr12
    threads: 2

samtools mpileup -f /fast/groups/ag_damm/work/ref/genome/gatk/hg38/hg38.fasta -q 20 -Q 25 -l /fast/groups/ag_damm/work/ref/bed_files/SureSelect/hg38/SS_HAEv7_hg38_Covered.bed recalib/002_B.chr12.bam > pileup/002_B.chr12.pileup 2>logs/pileup/002_B.chr12.log
Submitted DRMAA job 723 with external jobid 1504928.

[Wed Jun 24 08:06:03 2020]
rule mpileup:
    input: recalib/002_A.chr4.bam
    output: pileup/002_A.chr4.pileup
    log: logs/pileup/002_A.chr4.log
    jobid: 706
    reason: Missing output files: pileup/002_A.chr4.pileup
    wildcards: sample=002, type=A, chrom=chr4
    threads: 2

samtools mpileup -f /fast/groups/ag_damm/work/ref/genome/gatk/hg38/hg38.fasta -q 20 -Q 25 -l /fast/groups/ag_damm/work/ref/bed_files/SureSelect/hg38/SS_HAEv7_hg38_Covered.bed recalib/002_A.chr4.bam > pileup/002_A.chr4.pileup 2>logs/pileup/002_A.chr4.log
Submitted DRMAA job 706 with external jobid 1504929.

[Wed Jun 24 08:06:03 2020]
rule mpileup:
    input: recalib/002_A.chr3.bam
    output: pileup/002_A.chr3.pileup
    log: logs/pileup/002_A.chr3.log
    jobid: 704
    reason: Missing output files: pileup/002_A.chr3.pileup
    wildcards: sample=002, type=A, chrom=chr3
    threads: 2

samtools mpileup -f /fast/groups/ag_damm/work/ref/genome/gatk/hg38/hg38.fasta -q 20 -Q 25 -l /fast/groups/ag_damm/work/ref/bed_files/SureSelect/hg38/SS_HAEv7_hg38_Covered.bed recalib/002_A.chr3.bam > pileup/002_A.chr3.pileup 2>logs/pileup/002_A.chr3.log
Submitted DRMAA job 704 with external jobid 1504930.

[Wed Jun 24 08:06:03 2020]
rule mpileup:
    input: recalib/002_B.chr8.bam
    output: pileup/002_B.chr8.pileup
    log: logs/pileup/002_B.chr8.log
    jobid: 715
    reason: Missing output files: pileup/002_B.chr8.pileup
    wildcards: sample=002, type=B, chrom=chr8
    threads: 2

samtools mpileup -f /fast/groups/ag_damm/work/ref/genome/gatk/hg38/hg38.fasta -q 20 -Q 25 -l /fast/groups/ag_damm/work/ref/bed_files/SureSelect/hg38/SS_HAEv7_hg38_Covered.bed recalib/002_B.chr8.bam > pileup/002_B.chr8.pileup 2>logs/pileup/002_B.chr8.log
Submitted DRMAA job 715 with external jobid 1504931.

[Wed Jun 24 08:06:03 2020]
rule mpileup:
    input: recalib/002_A.chr13.bam
    output: pileup/002_A.chr13.pileup
    log: logs/pileup/002_A.chr13.log
    jobid: 724
    reason: Missing output files: pileup/002_A.chr13.pileup
    wildcards: sample=002, type=A, chrom=chr13
    threads: 2

samtools mpileup -f /fast/groups/ag_damm/work/ref/genome/gatk/hg38/hg38.fasta -q 20 -Q 25 -l /fast/groups/ag_damm/work/ref/bed_files/SureSelect/hg38/SS_HAEv7_hg38_Covered.bed recalib/002_A.chr13.bam > pileup/002_A.chr13.pileup 2>logs/pileup/002_A.chr13.log
Submitted DRMAA job 724 with external jobid 1504932.

[Wed Jun 24 08:06:03 2020]
rule mpileup:
    input: recalib/002_B.chr15.bam
    output: pileup/002_B.chr15.pileup
    log: logs/pileup/002_B.chr15.log
    jobid: 729
    reason: Missing output files: pileup/002_B.chr15.pileup
    wildcards: sample=002, type=B, chrom=chr15
    threads: 2

samtools mpileup -f /fast/groups/ag_damm/work/ref/genome/gatk/hg38/hg38.fasta -q 20 -Q 25 -l /fast/groups/ag_damm/work/ref/bed_files/SureSelect/hg38/SS_HAEv7_hg38_Covered.bed recalib/002_B.chr15.bam > pileup/002_B.chr15.pileup 2>logs/pileup/002_B.chr15.log
Submitted DRMAA job 729 with external jobid 1504933.

[Wed Jun 24 08:06:03 2020]
rule mpileup:
    input: recalib/002_B.chr2.bam
    output: pileup/002_B.chr2.pileup
    log: logs/pileup/002_B.chr2.log
    jobid: 703
    reason: Missing output files: pileup/002_B.chr2.pileup
    wildcards: sample=002, type=B, chrom=chr2
    threads: 2

samtools mpileup -f /fast/groups/ag_damm/work/ref/genome/gatk/hg38/hg38.fasta -q 20 -Q 25 -l /fast/groups/ag_damm/work/ref/bed_files/SureSelect/hg38/SS_HAEv7_hg38_Covered.bed recalib/002_B.chr2.bam > pileup/002_B.chr2.pileup 2>logs/pileup/002_B.chr2.log
Submitted DRMAA job 703 with external jobid 1504934.

[Wed Jun 24 08:06:03 2020]
rule mpileup:
    input: recalib/002_B.chr19.bam
    output: pileup/002_B.chr19.pileup
    log: logs/pileup/002_B.chr19.log
    jobid: 737
    reason: Missing output files: pileup/002_B.chr19.pileup
    wildcards: sample=002, type=B, chrom=chr19
    threads: 2

samtools mpileup -f /fast/groups/ag_damm/work/ref/genome/gatk/hg38/hg38.fasta -q 20 -Q 25 -l /fast/groups/ag_damm/work/ref/bed_files/SureSelect/hg38/SS_HAEv7_hg38_Covered.bed recalib/002_B.chr19.bam > pileup/002_B.chr19.pileup 2>logs/pileup/002_B.chr19.log
Submitted DRMAA job 737 with external jobid 1504935.

[Wed Jun 24 08:06:03 2020]
rule mpileup:
    input: recalib/002_A.chr17.bam
    output: pileup/002_A.chr17.pileup
    log: logs/pileup/002_A.chr17.log
    jobid: 732
    reason: Missing output files: pileup/002_A.chr17.pileup
    wildcards: sample=002, type=A, chrom=chr17
    threads: 2

samtools mpileup -f /fast/groups/ag_damm/work/ref/genome/gatk/hg38/hg38.fasta -q 20 -Q 25 -l /fast/groups/ag_damm/work/ref/bed_files/SureSelect/hg38/SS_HAEv7_hg38_Covered.bed recalib/002_A.chr17.bam > pileup/002_A.chr17.pileup 2>logs/pileup/002_A.chr17.log
Submitted DRMAA job 732 with external jobid 1504936.

[Wed Jun 24 08:06:03 2020]
rule mpileup:
    input: recalib/002_A.chr18.bam
    output: pileup/002_A.chr18.pileup
    log: logs/pileup/002_A.chr18.log
    jobid: 734
    reason: Missing output files: pileup/002_A.chr18.pileup
    wildcards: sample=002, type=A, chrom=chr18
    threads: 2

samtools mpileup -f /fast/groups/ag_damm/work/ref/genome/gatk/hg38/hg38.fasta -q 20 -Q 25 -l /fast/groups/ag_damm/work/ref/bed_files/SureSelect/hg38/SS_HAEv7_hg38_Covered.bed recalib/002_A.chr18.bam > pileup/002_A.chr18.pileup 2>logs/pileup/002_A.chr18.log
Submitted DRMAA job 734 with external jobid 1504937.

[Wed Jun 24 08:06:03 2020]
rule mpileup:
    input: recalib/002_A.chr11.bam
    output: pileup/002_A.chr11.pileup
    log: logs/pileup/002_A.chr11.log
    jobid: 720
    reason: Missing output files: pileup/002_A.chr11.pileup
    wildcards: sample=002, type=A, chrom=chr11
    threads: 2

samtools mpileup -f /fast/groups/ag_damm/work/ref/genome/gatk/hg38/hg38.fasta -q 20 -Q 25 -l /fast/groups/ag_damm/work/ref/bed_files/SureSelect/hg38/SS_HAEv7_hg38_Covered.bed recalib/002_A.chr11.bam > pileup/002_A.chr11.pileup 2>logs/pileup/002_A.chr11.log
Submitted DRMAA job 720 with external jobid 1504938.

[Wed Jun 24 08:06:04 2020]
rule mpileup:
    input: recalib/002_A.chr7.bam
    output: pileup/002_A.chr7.pileup
    log: logs/pileup/002_A.chr7.log
    jobid: 712
    reason: Missing output files: pileup/002_A.chr7.pileup
    wildcards: sample=002, type=A, chrom=chr7
    threads: 2

samtools mpileup -f /fast/groups/ag_damm/work/ref/genome/gatk/hg38/hg38.fasta -q 20 -Q 25 -l /fast/groups/ag_damm/work/ref/bed_files/SureSelect/hg38/SS_HAEv7_hg38_Covered.bed recalib/002_A.chr7.bam > pileup/002_A.chr7.pileup 2>logs/pileup/002_A.chr7.log
Submitted DRMAA job 712 with external jobid 1504939.

[Wed Jun 24 08:06:04 2020]
rule mpileup:
    input: recalib/002_B.chr16.bam
    output: pileup/002_B.chr16.pileup
    log: logs/pileup/002_B.chr16.log
    jobid: 731
    reason: Missing output files: pileup/002_B.chr16.pileup
    wildcards: sample=002, type=B, chrom=chr16
    threads: 2

samtools mpileup -f /fast/groups/ag_damm/work/ref/genome/gatk/hg38/hg38.fasta -q 20 -Q 25 -l /fast/groups/ag_damm/work/ref/bed_files/SureSelect/hg38/SS_HAEv7_hg38_Covered.bed recalib/002_B.chr16.bam > pileup/002_B.chr16.pileup 2>logs/pileup/002_B.chr16.log
Submitted DRMAA job 731 with external jobid 1504940.

[Wed Jun 24 08:06:04 2020]
rule mpileup:
    input: recalib/002_A.chr1.bam
    output: pileup/002_A.chr1.pileup
    log: logs/pileup/002_A.chr1.log
    jobid: 700
    reason: Missing output files: pileup/002_A.chr1.pileup
    wildcards: sample=002, type=A, chrom=chr1
    threads: 2

samtools mpileup -f /fast/groups/ag_damm/work/ref/genome/gatk/hg38/hg38.fasta -q 20 -Q 25 -l /fast/groups/ag_damm/work/ref/bed_files/SureSelect/hg38/SS_HAEv7_hg38_Covered.bed recalib/002_A.chr1.bam > pileup/002_A.chr1.pileup 2>logs/pileup/002_A.chr1.log
Submitted DRMAA job 700 with external jobid 1504941.

[Wed Jun 24 08:06:04 2020]
rule mpileup:
    input: recalib/002_A.chr6.bam
    output: pileup/002_A.chr6.pileup
    log: logs/pileup/002_A.chr6.log
    jobid: 710
    reason: Missing output files: pileup/002_A.chr6.pileup
    wildcards: sample=002, type=A, chrom=chr6
    threads: 2

samtools mpileup -f /fast/groups/ag_damm/work/ref/genome/gatk/hg38/hg38.fasta -q 20 -Q 25 -l /fast/groups/ag_damm/work/ref/bed_files/SureSelect/hg38/SS_HAEv7_hg38_Covered.bed recalib/002_A.chr6.bam > pileup/002_A.chr6.pileup 2>logs/pileup/002_A.chr6.log
Submitted DRMAA job 710 with external jobid 1504942.

[Wed Jun 24 08:06:04 2020]
rule mpileup:
    input: recalib/002_B.chr5.bam
    output: pileup/002_B.chr5.pileup
    log: logs/pileup/002_B.chr5.log
    jobid: 709
    reason: Missing output files: pileup/002_B.chr5.pileup
    wildcards: sample=002, type=B, chrom=chr5
    threads: 2

samtools mpileup -f /fast/groups/ag_damm/work/ref/genome/gatk/hg38/hg38.fasta -q 20 -Q 25 -l /fast/groups/ag_damm/work/ref/bed_files/SureSelect/hg38/SS_HAEv7_hg38_Covered.bed recalib/002_B.chr5.bam > pileup/002_B.chr5.pileup 2>logs/pileup/002_B.chr5.log
Submitted DRMAA job 709 with external jobid 1504943.

[Wed Jun 24 08:06:04 2020]
rule mpileup:
    input: recalib/002_B.chr21.bam
    output: pileup/002_B.chr21.pileup
    log: logs/pileup/002_B.chr21.log
    jobid: 741
    reason: Missing output files: pileup/002_B.chr21.pileup
    wildcards: sample=002, type=B, chrom=chr21
    threads: 2

samtools mpileup -f /fast/groups/ag_damm/work/ref/genome/gatk/hg38/hg38.fasta -q 20 -Q 25 -l /fast/groups/ag_damm/work/ref/bed_files/SureSelect/hg38/SS_HAEv7_hg38_Covered.bed recalib/002_B.chr21.bam > pileup/002_B.chr21.pileup 2>logs/pileup/002_B.chr21.log
Submitted DRMAA job 741 with external jobid 1504944.

[Wed Jun 24 08:06:04 2020]
rule mpileup:
    input: recalib/002_A.chr22.bam
    output: pileup/002_A.chr22.pileup
    log: logs/pileup/002_A.chr22.log
    jobid: 742
    reason: Missing output files: pileup/002_A.chr22.pileup
    wildcards: sample=002, type=A, chrom=chr22
    threads: 2

samtools mpileup -f /fast/groups/ag_damm/work/ref/genome/gatk/hg38/hg38.fasta -q 20 -Q 25 -l /fast/groups/ag_damm/work/ref/bed_files/SureSelect/hg38/SS_HAEv7_hg38_Covered.bed recalib/002_A.chr22.bam > pileup/002_A.chr22.pileup 2>logs/pileup/002_A.chr22.log
Submitted DRMAA job 742 with external jobid 1504945.

[Wed Jun 24 08:06:04 2020]
rule mpileup:
    input: recalib/002_A.chr10.bam
    output: pileup/002_A.chr10.pileup
    log: logs/pileup/002_A.chr10.log
    jobid: 718
    reason: Missing output files: pileup/002_A.chr10.pileup
    wildcards: sample=002, type=A, chrom=chr10
    threads: 2

samtools mpileup -f /fast/groups/ag_damm/work/ref/genome/gatk/hg38/hg38.fasta -q 20 -Q 25 -l /fast/groups/ag_damm/work/ref/bed_files/SureSelect/hg38/SS_HAEv7_hg38_Covered.bed recalib/002_A.chr10.bam > pileup/002_A.chr10.pileup 2>logs/pileup/002_A.chr10.log
Submitted DRMAA job 718 with external jobid 1504946.

[Wed Jun 24 08:06:04 2020]
rule mpileup:
    input: recalib/002_A.chr20.bam
    output: pileup/002_A.chr20.pileup
    log: logs/pileup/002_A.chr20.log
    jobid: 738
    reason: Missing output files: pileup/002_A.chr20.pileup
    wildcards: sample=002, type=A, chrom=chr20
    threads: 2

samtools mpileup -f /fast/groups/ag_damm/work/ref/genome/gatk/hg38/hg38.fasta -q 20 -Q 25 -l /fast/groups/ag_damm/work/ref/bed_files/SureSelect/hg38/SS_HAEv7_hg38_Covered.bed recalib/002_A.chr20.bam > pileup/002_A.chr20.pileup 2>logs/pileup/002_A.chr20.log
Submitted DRMAA job 738 with external jobid 1504947.
[Wed Jun 24 08:06:38 2020]
Finished job 725.
1 of 142 steps (0.70%) done
[Wed Jun 24 08:06:39 2020]
Finished job 740.
2 of 142 steps (1%) done
[Wed Jun 24 08:06:39 2020]
Finished job 735.
3 of 142 steps (2%) done
[Wed Jun 24 08:06:43 2020]
Finished job 741.
4 of 142 steps (3%) done

[Wed Jun 24 08:06:43 2020]
rule varscan:
    input: pileup/002_A.chr21.pileup, pileup/002_B.chr21.pileup
    output: varscan/002_A-B.chr21.indel.vcf, varscan/002_A-B.chr21.snp.vcf
    log: logs/varscan/002_A-B.chr21.log
    jobid: 577
    reason: Missing output files: varscan/002_A-B.chr21.snp.vcf, varscan/002_A-B.chr21.indel.vcf; Input files updated by another job: pileup/002_A.chr21.pileup, pileup/002_B.chr21.pileup
    wildcards: sample=002, tumor=A, norm=B, chrom=chr21
    threads: 8

varscan somatic pileup/002_B.chr21.pileup pileup/002_A.chr21.pileup --output-vcf 1 --output-snp varscan/002_A-B.chr21.snp.vcf --output-indel varscan/002_A-B.chr21.indel.vcf --min-coverage 1 --min-var-freq 0.01 --min-freq-for-hom 0.75 --p-value 0.99 --somatic-p-value 0.05 --normal-purity 0.95 --tumor-purity 0.8
Submitted DRMAA job 577 with external jobid 1504948.
[Wed Jun 24 08:06:54 2020]
Finished job 739.
5 of 142 steps (4%) done
[Wed Jun 24 08:06:54 2020]
Finished job 743.
6 of 142 steps (4%) done
[Wed Jun 24 08:06:56 2020]
Finished job 724.
7 of 142 steps (5%) done

[Wed Jun 24 08:06:56 2020]
rule varscan:
    input: pileup/002_A.chr13.pileup, pileup/002_B.chr13.pileup
    output: varscan/002_A-B.chr13.indel.vcf, varscan/002_A-B.chr13.snp.vcf
    log: logs/varscan/002_A-B.chr13.log
    jobid: 569
    reason: Missing output files: varscan/002_A-B.chr13.indel.vcf, varscan/002_A-B.chr13.snp.vcf; Input files updated by another job: pileup/002_B.chr13.pileup, pileup/002_A.chr13.pileup
    wildcards: sample=002, tumor=A, norm=B, chrom=chr13
    threads: 8

varscan somatic pileup/002_B.chr13.pileup pileup/002_A.chr13.pileup --output-vcf 1 --output-snp varscan/002_A-B.chr13.snp.vcf --output-indel varscan/002_A-B.chr13.indel.vcf --min-coverage 1 --min-var-freq 0.01 --min-freq-for-hom 0.75 --p-value 0.99 --somatic-p-value 0.05 --normal-purity 0.95 --tumor-purity 0.8
[Wed Jun 24 08:06:56 2020]
Finished job 734.
8 of 142 steps (6%) done
Submitted DRMAA job 569 with external jobid 1504949.

[Wed Jun 24 08:06:56 2020]
rule varscan:
    input: pileup/002_A.chr18.pileup, pileup/002_B.chr18.pileup
    output: varscan/002_A-B.chr18.indel.vcf, varscan/002_A-B.chr18.snp.vcf
    log: logs/varscan/002_A-B.chr18.log
    jobid: 574
    reason: Missing output files: varscan/002_A-B.chr18.snp.vcf, varscan/002_A-B.chr18.indel.vcf; Input files updated by another job: pileup/002_A.chr18.pileup, pileup/002_B.chr18.pileup
    wildcards: sample=002, tumor=A, norm=B, chrom=chr18
    threads: 8

varscan somatic pileup/002_B.chr18.pileup pileup/002_A.chr18.pileup --output-vcf 1 --output-snp varscan/002_A-B.chr18.snp.vcf --output-indel varscan/002_A-B.chr18.indel.vcf --min-coverage 1 --min-var-freq 0.01 --min-freq-for-hom 0.75 --p-value 0.99 --somatic-p-value 0.05 --normal-purity 0.95 --tumor-purity 0.8
Submitted DRMAA job 574 with external jobid 1504950.
[Wed Jun 24 08:06:57 2020]
Finished job 738.
9 of 142 steps (6%) done

[Wed Jun 24 08:06:57 2020]
rule varscan:
    input: pileup/002_A.chr20.pileup, pileup/002_B.chr20.pileup
    output: varscan/002_A-B.chr20.indel.vcf, varscan/002_A-B.chr20.snp.vcf
    log: logs/varscan/002_A-B.chr20.log
    jobid: 576
    reason: Missing output files: varscan/002_A-B.chr20.snp.vcf, varscan/002_A-B.chr20.indel.vcf; Input files updated by another job: pileup/002_A.chr20.pileup, pileup/002_B.chr20.pileup
    wildcards: sample=002, tumor=A, norm=B, chrom=chr20
    threads: 8

varscan somatic pileup/002_B.chr20.pileup pileup/002_A.chr20.pileup --output-vcf 1 --output-snp varscan/002_A-B.chr20.snp.vcf --output-indel varscan/002_A-B.chr20.indel.vcf --min-coverage 1 --min-var-freq 0.01 --min-freq-for-hom 0.75 --p-value 0.99 --somatic-p-value 0.05 --normal-purity 0.95 --tumor-purity 0.8
Submitted DRMAA job 576 with external jobid 1504951.
[Wed Jun 24 08:07:09 2020]
Finished job 727.
10 of 142 steps (7%) done
[Wed Jun 24 08:07:11 2020]
Finished job 742.
11 of 142 steps (8%) done

[Wed Jun 24 08:07:11 2020]
rule varscan:
    input: pileup/002_A.chr22.pileup, pileup/002_B.chr22.pileup
    output: varscan/002_A-B.chr22.indel.vcf, varscan/002_A-B.chr22.snp.vcf
    log: logs/varscan/002_A-B.chr22.log
    jobid: 578
    reason: Missing output files: varscan/002_A-B.chr22.indel.vcf, varscan/002_A-B.chr22.snp.vcf; Input files updated by another job: pileup/002_A.chr22.pileup, pileup/002_B.chr22.pileup
    wildcards: sample=002, tumor=A, norm=B, chrom=chr22
    threads: 8

varscan somatic pileup/002_B.chr22.pileup pileup/002_A.chr22.pileup --output-vcf 1 --output-snp varscan/002_A-B.chr22.snp.vcf --output-indel varscan/002_A-B.chr22.indel.vcf --min-coverage 1 --min-var-freq 0.01 --min-freq-for-hom 0.75 --p-value 0.99 --somatic-p-value 0.05 --normal-purity 0.95 --tumor-purity 0.8
Submitted DRMAA job 578 with external jobid 1504952.
[Wed Jun 24 08:07:11 2020]
Finished job 577.
12 of 142 steps (8%) done

[Wed Jun 24 08:07:11 2020]
rule varscan2table:
    input: varscan/002_A-B.chr21.indel.vcf, varscan/002_A-B.chr21.snp.vcf
    output: table/002_A-B.chr21.csv
    jobid: 491
    reason: Missing output files: table/002_A-B.chr21.csv; Input files updated by another job: varscan/002_A-B.chr21.snp.vcf, varscan/002_A-B.chr21.indel.vcf
    wildcards: sample=002, tumor=A, norm=B, chrom=chr21
    threads: 6

Submitted DRMAA job 491 with external jobid 1504953.
[Wed Jun 24 08:07:21 2020]
Finished job 707.
13 of 142 steps (9%) done
[Wed Jun 24 08:07:21 2020]
Finished job 714.
14 of 142 steps (10%) done
[Wed Jun 24 08:07:21 2020]
Finished job 726.
15 of 142 steps (11%) done

[Wed Jun 24 08:07:21 2020]
rule varscan:
    input: pileup/002_A.chr14.pileup, pileup/002_B.chr14.pileup
    output: varscan/002_A-B.chr14.indel.vcf, varscan/002_A-B.chr14.snp.vcf
    log: logs/varscan/002_A-B.chr14.log
    jobid: 570
    reason: Missing output files: varscan/002_A-B.chr14.indel.vcf, varscan/002_A-B.chr14.snp.vcf; Input files updated by another job: pileup/002_A.chr14.pileup, pileup/002_B.chr14.pileup
    wildcards: sample=002, tumor=A, norm=B, chrom=chr14
    threads: 8

varscan somatic pileup/002_B.chr14.pileup pileup/002_A.chr14.pileup --output-vcf 1 --output-snp varscan/002_A-B.chr14.snp.vcf --output-indel varscan/002_A-B.chr14.indel.vcf --min-coverage 1 --min-var-freq 0.01 --min-freq-for-hom 0.75 --p-value 0.99 --somatic-p-value 0.05 --normal-purity 0.95 --tumor-purity 0.8
Submitted DRMAA job 570 with external jobid 1504954.
[Wed Jun 24 08:07:22 2020]
Finished job 719.
16 of 142 steps (11%) done
[Wed Jun 24 08:07:22 2020]
Finished job 728.
17 of 142 steps (12%) done
[Wed Jun 24 08:07:23 2020]
Finished job 745.
18 of 142 steps (13%) done
[Wed Jun 24 08:07:23 2020]
Finished job 715.
19 of 142 steps (13%) done

[Wed Jun 24 08:07:23 2020]
rule varscan:
    input: pileup/002_A.chr8.pileup, pileup/002_B.chr8.pileup
    output: varscan/002_A-B.chr8.indel.vcf, varscan/002_A-B.chr8.snp.vcf
    log: logs/varscan/002_A-B.chr8.log
    jobid: 564
    reason: Missing output files: varscan/002_A-B.chr8.indel.vcf, varscan/002_A-B.chr8.snp.vcf; Input files updated by another job: pileup/002_A.chr8.pileup, pileup/002_B.chr8.pileup
    wildcards: sample=002, tumor=A, norm=B, chrom=chr8
    threads: 8

varscan somatic pileup/002_B.chr8.pileup pileup/002_A.chr8.pileup --output-vcf 1 --output-snp varscan/002_A-B.chr8.snp.vcf --output-indel varscan/002_A-B.chr8.indel.vcf --min-coverage 1 --min-var-freq 0.01 --min-freq-for-hom 0.75 --p-value 0.99 --somatic-p-value 0.05 --normal-purity 0.95 --tumor-purity 0.8
Submitted DRMAA job 564 with external jobid 1504955.
[Wed Jun 24 08:07:24 2020]
Finished job 729.
20 of 142 steps (14%) done

[Wed Jun 24 08:07:24 2020]
rule varscan:
    input: pileup/002_A.chr15.pileup, pileup/002_B.chr15.pileup
    output: varscan/002_A-B.chr15.indel.vcf, varscan/002_A-B.chr15.snp.vcf
    log: logs/varscan/002_A-B.chr15.log
    jobid: 571
    reason: Missing output files: varscan/002_A-B.chr15.snp.vcf, varscan/002_A-B.chr15.indel.vcf; Input files updated by another job: pileup/002_B.chr15.pileup, pileup/002_A.chr15.pileup
    wildcards: sample=002, tumor=A, norm=B, chrom=chr15
    threads: 8

varscan somatic pileup/002_B.chr15.pileup pileup/002_A.chr15.pileup --output-vcf 1 --output-snp varscan/002_A-B.chr15.snp.vcf --output-indel varscan/002_A-B.chr15.indel.vcf --min-coverage 1 --min-var-freq 0.01 --min-freq-for-hom 0.75 --p-value 0.99 --somatic-p-value 0.05 --normal-purity 0.95 --tumor-purity 0.8
Submitted DRMAA job 571 with external jobid 1504956.
[Wed Jun 24 08:07:25 2020]
Finished job 491.
21 of 142 steps (15%) done

[Wed Jun 24 08:07:25 2020]
rule anno2EB:
    input: table/002_A-B.chr21.csv, recalib/002_A.chr21.bam, recalib/002_A.chr21.bai
    output: eb/002_A-B-chr21.EB
    log: logs/eb/002_A-B-chr21.log
    jobid: 428
    reason: Missing output files: eb/002_A-B-chr21.EB; Input files updated by another job: table/002_A-B.chr21.csv
    wildcards: sample=002, tumor=A, norm=B, chrom=chr21
    threads: 20

Submitted DRMAA job 428 with external jobid 1504957.
[Wed Jun 24 08:07:35 2020]
Finished job 569.
22 of 142 steps (15%) done

[Wed Jun 24 08:07:35 2020]
rule varscan2table:
    input: varscan/002_A-B.chr13.indel.vcf, varscan/002_A-B.chr13.snp.vcf
    output: table/002_A-B.chr13.csv
    jobid: 483
    reason: Missing output files: table/002_A-B.chr13.csv; Input files updated by another job: varscan/002_A-B.chr13.indel.vcf, varscan/002_A-B.chr13.snp.vcf
    wildcards: sample=002, tumor=A, norm=B, chrom=chr13
    threads: 6

Submitted DRMAA job 483 with external jobid 1504958.
[Wed Jun 24 08:07:35 2020]
Finished job 574.
23 of 142 steps (16%) done

[Wed Jun 24 08:07:35 2020]
rule varscan2table:
    input: varscan/002_A-B.chr18.indel.vcf, varscan/002_A-B.chr18.snp.vcf
    output: table/002_A-B.chr18.csv
    jobid: 488
    reason: Missing output files: table/002_A-B.chr18.csv; Input files updated by another job: varscan/002_A-B.chr18.snp.vcf, varscan/002_A-B.chr18.indel.vcf
    wildcards: sample=002, tumor=A, norm=B, chrom=chr18
    threads: 6

Submitted DRMAA job 488 with external jobid 1504959.
[Wed Jun 24 08:07:36 2020]
Finished job 744.
24 of 142 steps (17%) done

[Wed Jun 24 08:07:36 2020]
rule varscan:
    input: pileup/002_A.chrX.pileup, pileup/002_B.chrX.pileup
    output: varscan/002_A-B.chrX.indel.vcf, varscan/002_A-B.chrX.snp.vcf
    log: logs/varscan/002_A-B.chrX.log
    jobid: 579
    reason: Missing output files: varscan/002_A-B.chrX.indel.vcf, varscan/002_A-B.chrX.snp.vcf; Input files updated by another job: pileup/002_B.chrX.pileup, pileup/002_A.chrX.pileup
    wildcards: sample=002, tumor=A, norm=B, chrom=chrX
    threads: 8

varscan somatic pileup/002_B.chrX.pileup pileup/002_A.chrX.pileup --output-vcf 1 --output-snp varscan/002_A-B.chrX.snp.vcf --output-indel varscan/002_A-B.chrX.indel.vcf --min-coverage 1 --min-var-freq 0.01 --min-freq-for-hom 0.75 --p-value 0.99 --somatic-p-value 0.05 --normal-purity 0.95 --tumor-purity 0.8
Submitted DRMAA job 579 with external jobid 1504960.
[Wed Jun 24 08:07:36 2020]
Finished job 733.
25 of 142 steps (18%) done
[Wed Jun 24 08:07:36 2020]
Finished job 711.
26 of 142 steps (18%) done
[Wed Jun 24 08:07:36 2020]
Finished job 713.
27 of 142 steps (19%) done
[Wed Jun 24 08:07:37 2020]
Finished job 717.
28 of 142 steps (20%) done
[Wed Jun 24 08:07:37 2020]
Finished job 723.
29 of 142 steps (20%) done
[Wed Jun 24 08:07:38 2020]
Finished job 706.
30 of 142 steps (21%) done

[Wed Jun 24 08:07:38 2020]
rule varscan:
    input: pileup/002_A.chr4.pileup, pileup/002_B.chr4.pileup
    output: varscan/002_A-B.chr4.indel.vcf, varscan/002_A-B.chr4.snp.vcf
    log: logs/varscan/002_A-B.chr4.log
    jobid: 560
    reason: Missing output files: varscan/002_A-B.chr4.snp.vcf, varscan/002_A-B.chr4.indel.vcf; Input files updated by another job: pileup/002_B.chr4.pileup, pileup/002_A.chr4.pileup
    wildcards: sample=002, tumor=A, norm=B, chrom=chr4
    threads: 8

varscan somatic pileup/002_B.chr4.pileup pileup/002_A.chr4.pileup --output-vcf 1 --output-snp varscan/002_A-B.chr4.snp.vcf --output-indel varscan/002_A-B.chr4.indel.vcf --min-coverage 1 --min-var-freq 0.01 --min-freq-for-hom 0.75 --p-value 0.99 --somatic-p-value 0.05 --normal-purity 0.95 --tumor-purity 0.8
Submitted DRMAA job 560 with external jobid 1504961.
[Wed Jun 24 08:07:38 2020]
Finished job 704.
31 of 142 steps (22%) done
[Wed Jun 24 08:07:38 2020]
Finished job 731.
32 of 142 steps (23%) done
[Wed Jun 24 08:07:39 2020]
Finished job 709.
33 of 142 steps (23%) done
[Wed Jun 24 08:07:39 2020]
Finished job 718.
34 of 142 steps (24%) done

[Wed Jun 24 08:07:39 2020]
rule varscan:
    input: pileup/002_A.chr10.pileup, pileup/002_B.chr10.pileup
    output: varscan/002_A-B.chr10.indel.vcf, varscan/002_A-B.chr10.snp.vcf
    log: logs/varscan/002_A-B.chr10.log
    jobid: 566
    reason: Missing output files: varscan/002_A-B.chr10.snp.vcf, varscan/002_A-B.chr10.indel.vcf; Input files updated by another job: pileup/002_B.chr10.pileup, pileup/002_A.chr10.pileup
    wildcards: sample=002, tumor=A, norm=B, chrom=chr10
    threads: 8

varscan somatic pileup/002_B.chr10.pileup pileup/002_A.chr10.pileup --output-vcf 1 --output-snp varscan/002_A-B.chr10.snp.vcf --output-indel varscan/002_A-B.chr10.indel.vcf --min-coverage 1 --min-var-freq 0.01 --min-freq-for-hom 0.75 --p-value 0.99 --somatic-p-value 0.05 --normal-purity 0.95 --tumor-purity 0.8
Submitted DRMAA job 566 with external jobid 1504962.
[Wed Jun 24 08:07:49 2020]
Finished job 483.
35 of 142 steps (25%) done

[Wed Jun 24 08:07:49 2020]
rule anno2EB:
    input: table/002_A-B.chr13.csv, recalib/002_A.chr13.bam, recalib/002_A.chr13.bai
    output: eb/002_A-B-chr13.EB
    log: logs/eb/002_A-B-chr13.log
    jobid: 420
    reason: Missing output files: eb/002_A-B-chr13.EB; Input files updated by another job: table/002_A-B.chr13.csv
    wildcards: sample=002, tumor=A, norm=B, chrom=chr13
    threads: 20

[Wed Jun 24 08:07:50 2020]
Finished job 488.
36 of 142 steps (25%) done
Submitted DRMAA job 420 with external jobid 1505102.

[Wed Jun 24 08:07:50 2020]
rule anno2EB:
    input: table/002_A-B.chr18.csv, recalib/002_A.chr18.bam, recalib/002_A.chr18.bai
    output: eb/002_A-B-chr18.EB
    log: logs/eb/002_A-B-chr18.log
    jobid: 425
    reason: Missing output files: eb/002_A-B-chr18.EB; Input files updated by another job: table/002_A-B.chr18.csv
    wildcards: sample=002, tumor=A, norm=B, chrom=chr18
    threads: 20

Submitted DRMAA job 425 with external jobid 1505103.
[Wed Jun 24 08:07:51 2020]
Finished job 705.
37 of 142 steps (26%) done

[Wed Jun 24 08:07:51 2020]
rule varscan:
    input: pileup/002_A.chr3.pileup, pileup/002_B.chr3.pileup
    output: varscan/002_A-B.chr3.indel.vcf, varscan/002_A-B.chr3.snp.vcf
    log: logs/varscan/002_A-B.chr3.log
    jobid: 559
    reason: Missing output files: varscan/002_A-B.chr3.indel.vcf, varscan/002_A-B.chr3.snp.vcf; Input files updated by another job: pileup/002_B.chr3.pileup, pileup/002_A.chr3.pileup
    wildcards: sample=002, tumor=A, norm=B, chrom=chr3
    threads: 8

varscan somatic pileup/002_B.chr3.pileup pileup/002_A.chr3.pileup --output-vcf 1 --output-snp varscan/002_A-B.chr3.snp.vcf --output-indel varscan/002_A-B.chr3.indel.vcf --min-coverage 1 --min-var-freq 0.01 --min-freq-for-hom 0.75 --p-value 0.99 --somatic-p-value 0.05 --normal-purity 0.95 --tumor-purity 0.8
Submitted DRMAA job 559 with external jobid 1505104.
[Wed Jun 24 08:07:51 2020]
Finished job 716.
38 of 142 steps (27%) done

[Wed Jun 24 08:07:51 2020]
rule varscan:
    input: pileup/002_A.chr9.pileup, pileup/002_B.chr9.pileup
    output: varscan/002_A-B.chr9.indel.vcf, varscan/002_A-B.chr9.snp.vcf
    log: logs/varscan/002_A-B.chr9.log
    jobid: 565
    reason: Missing output files: varscan/002_A-B.chr9.indel.vcf, varscan/002_A-B.chr9.snp.vcf; Input files updated by another job: pileup/002_B.chr9.pileup, pileup/002_A.chr9.pileup
    wildcards: sample=002, tumor=A, norm=B, chrom=chr9
    threads: 8

varscan somatic pileup/002_B.chr9.pileup pileup/002_A.chr9.pileup --output-vcf 1 --output-snp varscan/002_A-B.chr9.snp.vcf --output-indel varscan/002_A-B.chr9.indel.vcf --min-coverage 1 --min-var-freq 0.01 --min-freq-for-hom 0.75 --p-value 0.99 --somatic-p-value 0.05 --normal-purity 0.95 --tumor-purity 0.8
Submitted DRMAA job 565 with external jobid 1505105.
[Wed Jun 24 08:07:51 2020]
Finished job 722.
39 of 142 steps (27%) done

[Wed Jun 24 08:07:51 2020]
rule varscan:
    input: pileup/002_A.chr12.pileup, pileup/002_B.chr12.pileup
    output: varscan/002_A-B.chr12.indel.vcf, varscan/002_A-B.chr12.snp.vcf
    log: logs/varscan/002_A-B.chr12.log
    jobid: 568
    reason: Missing output files: varscan/002_A-B.chr12.indel.vcf, varscan/002_A-B.chr12.snp.vcf; Input files updated by another job: pileup/002_B.chr12.pileup, pileup/002_A.chr12.pileup
    wildcards: sample=002, tumor=A, norm=B, chrom=chr12
    threads: 8

varscan somatic pileup/002_B.chr12.pileup pileup/002_A.chr12.pileup --output-vcf 1 --output-snp varscan/002_A-B.chr12.snp.vcf --output-indel varscan/002_A-B.chr12.indel.vcf --min-coverage 1 --min-var-freq 0.01 --min-freq-for-hom 0.75 --p-value 0.99 --somatic-p-value 0.05 --normal-purity 0.95 --tumor-purity 0.8
Submitted DRMAA job 568 with external jobid 1505106.
[Wed Jun 24 08:07:51 2020]
Finished job 708.
40 of 142 steps (28%) done

[Wed Jun 24 08:07:51 2020]
rule varscan:
    input: pileup/002_A.chr5.pileup, pileup/002_B.chr5.pileup
    output: varscan/002_A-B.chr5.indel.vcf, varscan/002_A-B.chr5.snp.vcf
    log: logs/varscan/002_A-B.chr5.log
    jobid: 561
    reason: Missing output files: varscan/002_A-B.chr5.snp.vcf, varscan/002_A-B.chr5.indel.vcf; Input files updated by another job: pileup/002_A.chr5.pileup, pileup/002_B.chr5.pileup
    wildcards: sample=002, tumor=A, norm=B, chrom=chr5
    threads: 8

varscan somatic pileup/002_B.chr5.pileup pileup/002_A.chr5.pileup --output-vcf 1 --output-snp varscan/002_A-B.chr5.snp.vcf --output-indel varscan/002_A-B.chr5.indel.vcf --min-coverage 1 --min-var-freq 0.01 --min-freq-for-hom 0.75 --p-value 0.99 --somatic-p-value 0.05 --normal-purity 0.95 --tumor-purity 0.8
Submitted DRMAA job 561 with external jobid 1505107.
[Wed Jun 24 08:07:51 2020]
Finished job 721.
41 of 142 steps (29%) done
[Wed Jun 24 08:07:52 2020]
Finished job 730.
42 of 142 steps (30%) done

[Wed Jun 24 08:07:52 2020]
rule varscan:
    input: pileup/002_A.chr16.pileup, pileup/002_B.chr16.pileup
    output: varscan/002_A-B.chr16.indel.vcf, varscan/002_A-B.chr16.snp.vcf
    log: logs/varscan/002_A-B.chr16.log
    jobid: 572
    reason: Missing output files: varscan/002_A-B.chr16.indel.vcf, varscan/002_A-B.chr16.snp.vcf; Input files updated by another job: pileup/002_B.chr16.pileup, pileup/002_A.chr16.pileup
    wildcards: sample=002, tumor=A, norm=B, chrom=chr16
    threads: 8

varscan somatic pileup/002_B.chr16.pileup pileup/002_A.chr16.pileup --output-vcf 1 --output-snp varscan/002_A-B.chr16.snp.vcf --output-indel varscan/002_A-B.chr16.indel.vcf --min-coverage 1 --min-var-freq 0.01 --min-freq-for-hom 0.75 --p-value 0.99 --somatic-p-value 0.05 --normal-purity 0.95 --tumor-purity 0.8
Submitted DRMAA job 572 with external jobid 1505108.
[Wed Jun 24 08:07:55 2020]
Finished job 710.
43 of 142 steps (30%) done

[Wed Jun 24 08:07:55 2020]
rule varscan:
    input: pileup/002_A.chr6.pileup, pileup/002_B.chr6.pileup
    output: varscan/002_A-B.chr6.indel.vcf, varscan/002_A-B.chr6.snp.vcf
    log: logs/varscan/002_A-B.chr6.log
    jobid: 562
    reason: Missing output files: varscan/002_A-B.chr6.indel.vcf, varscan/002_A-B.chr6.snp.vcf; Input files updated by another job: pileup/002_A.chr6.pileup, pileup/002_B.chr6.pileup
    wildcards: sample=002, tumor=A, norm=B, chrom=chr6
    threads: 8

varscan somatic pileup/002_B.chr6.pileup pileup/002_A.chr6.pileup --output-vcf 1 --output-snp varscan/002_A-B.chr6.snp.vcf --output-indel varscan/002_A-B.chr6.indel.vcf --min-coverage 1 --min-var-freq 0.01 --min-freq-for-hom 0.75 --p-value 0.99 --somatic-p-value 0.05 --normal-purity 0.95 --tumor-purity 0.8
[Wed Jun 24 08:07:59 2020]
Finished job 576.
44 of 142 steps (31%) done
Submitted DRMAA job 562 with external jobid 1505109.

[Wed Jun 24 08:07:59 2020]
rule varscan2table:
    input: varscan/002_A-B.chr20.indel.vcf, varscan/002_A-B.chr20.snp.vcf
    output: table/002_A-B.chr20.csv
    jobid: 490
    reason: Missing output files: table/002_A-B.chr20.csv; Input files updated by another job: varscan/002_A-B.chr20.snp.vcf, varscan/002_A-B.chr20.indel.vcf
    wildcards: sample=002, tumor=A, norm=B, chrom=chr20
    threads: 6

Submitted DRMAA job 490 with external jobid 1505110.
[Wed Jun 24 08:08:10 2020]
Finished job 578.
45 of 142 steps (32%) done

[Wed Jun 24 08:08:10 2020]
rule varscan2table:
    input: varscan/002_A-B.chr22.indel.vcf, varscan/002_A-B.chr22.snp.vcf
    output: table/002_A-B.chr22.csv
    jobid: 492
    reason: Missing output files: table/002_A-B.chr22.csv; Input files updated by another job: varscan/002_A-B.chr22.indel.vcf, varscan/002_A-B.chr22.snp.vcf
    wildcards: sample=002, tumor=A, norm=B, chrom=chr22
    threads: 6

Submitted DRMAA job 492 with external jobid 1505111.
[Wed Jun 24 08:08:10 2020]
Finished job 25.
46 of 142 steps (32%) done

[Wed Jun 24 08:08:10 2020]
rule bam_metrix:
    input: bamfinal/002_A.bam, bamfinal/002_A.bai
    output: bam_metrics/002_A.metrics
    log: logs/bam_metrix/002_A.log
    jobid: 12
    reason: Updated input files: bamfinal/002_A.bam; Input files updated by another job: bamfinal/002_A.bai
    wildcards: sample=002, type=A
    threads: 6

picard CollectHsMetrics I=bamfinal/002_A.bam O=bam_metrics/002_A.metrics R=/fast/groups/ag_damm/work/ref/genome/gatk/hg38/hg38.fasta BAIT_INTERVALS=/fast/groups/ag_damm/work/ref/bed_files/SureSelect/hg38/SS_HAEv7_hg38.bait_interval TARGET_INTERVALS=/fast/groups/ag_damm/work/ref/bed_files/SureSelect/hg38/SS_HAEv7_hg38.target_interval
Submitted DRMAA job 12 with external jobid 1505112.

[Wed Jun 24 08:08:10 2020]
rule insert_metrix:
    input: bamfinal/002_A.bam, bamfinal/002_A.bai
    output: insert_metrics/002_A.metrics, insert_metrics/002_A.metrics.pdf
    log: logs/bam_metrix/002_A.log
    jobid: 14
    reason: Updated input files: bamfinal/002_A.bam; Input files updated by another job: bamfinal/002_A.bai
    wildcards: sample=002, type=A
    threads: 6

picard CollectInsertSizeMetrics I=bamfinal/002_A.bam O=insert_metrics/002_A.metrics H=insert_metrics/002_A.metrics.pdf M=0.5
Submitted DRMAA job 14 with external jobid 1505113.
[Wed Jun 24 08:08:11 2020]
Finished job 737.
47 of 142 steps (33%) done
[Wed Jun 24 08:08:11 2020]
Finished job 712.
48 of 142 steps (34%) done

[Wed Jun 24 08:08:11 2020]
rule varscan:
    input: pileup/002_A.chr7.pileup, pileup/002_B.chr7.pileup
    output: varscan/002_A-B.chr7.indel.vcf, varscan/002_A-B.chr7.snp.vcf
    log: logs/varscan/002_A-B.chr7.log
    jobid: 563
    reason: Missing output files: varscan/002_A-B.chr7.indel.vcf, varscan/002_A-B.chr7.snp.vcf; Input files updated by another job: pileup/002_A.chr7.pileup, pileup/002_B.chr7.pileup
    wildcards: sample=002, tumor=A, norm=B, chrom=chr7
    threads: 8

varscan somatic pileup/002_B.chr7.pileup pileup/002_A.chr7.pileup --output-vcf 1 --output-snp varscan/002_A-B.chr7.snp.vcf --output-indel varscan/002_A-B.chr7.indel.vcf --min-coverage 1 --min-var-freq 0.01 --min-freq-for-hom 0.75 --p-value 0.99 --somatic-p-value 0.05 --normal-purity 0.95 --tumor-purity 0.8
Submitted DRMAA job 563 with external jobid 1505114.
[Wed Jun 24 08:08:23 2020]
Finished job 732.
49 of 142 steps (35%) done

[Wed Jun 24 08:08:23 2020]
rule varscan:
    input: pileup/002_A.chr17.pileup, pileup/002_B.chr17.pileup
    output: varscan/002_A-B.chr17.indel.vcf, varscan/002_A-B.chr17.snp.vcf
    log: logs/varscan/002_A-B.chr17.log
    jobid: 573
    reason: Missing output files: varscan/002_A-B.chr17.snp.vcf, varscan/002_A-B.chr17.indel.vcf; Input files updated by another job: pileup/002_A.chr17.pileup, pileup/002_B.chr17.pileup
    wildcards: sample=002, tumor=A, norm=B, chrom=chr17
    threads: 8

varscan somatic pileup/002_B.chr17.pileup pileup/002_A.chr17.pileup --output-vcf 1 --output-snp varscan/002_A-B.chr17.snp.vcf --output-indel varscan/002_A-B.chr17.indel.vcf --min-coverage 1 --min-var-freq 0.01 --min-freq-for-hom 0.75 --p-value 0.99 --somatic-p-value 0.05 --normal-purity 0.95 --tumor-purity 0.8
Submitted DRMAA job 573 with external jobid 1505115.
[Wed Jun 24 08:08:23 2020]
Finished job 720.
50 of 142 steps (35%) done

[Wed Jun 24 08:08:23 2020]
rule varscan:
    input: pileup/002_A.chr11.pileup, pileup/002_B.chr11.pileup
    output: varscan/002_A-B.chr11.indel.vcf, varscan/002_A-B.chr11.snp.vcf
    log: logs/varscan/002_A-B.chr11.log
    jobid: 567
    reason: Missing output files: varscan/002_A-B.chr11.snp.vcf, varscan/002_A-B.chr11.indel.vcf; Input files updated by another job: pileup/002_A.chr11.pileup, pileup/002_B.chr11.pileup
    wildcards: sample=002, tumor=A, norm=B, chrom=chr11
    threads: 8

varscan somatic pileup/002_B.chr11.pileup pileup/002_A.chr11.pileup --output-vcf 1 --output-snp varscan/002_A-B.chr11.snp.vcf --output-indel varscan/002_A-B.chr11.indel.vcf --min-coverage 1 --min-var-freq 0.01 --min-freq-for-hom 0.75 --p-value 0.99 --somatic-p-value 0.05 --normal-purity 0.95 --tumor-purity 0.8
Submitted DRMAA job 567 with external jobid 1505116.
[Wed Jun 24 08:08:37 2020]
Finished job 570.
51 of 142 steps (36%) done

[Wed Jun 24 08:08:37 2020]
rule varscan2table:
    input: varscan/002_A-B.chr14.indel.vcf, varscan/002_A-B.chr14.snp.vcf
    output: table/002_A-B.chr14.csv
    jobid: 484
    reason: Missing output files: table/002_A-B.chr14.csv; Input files updated by another job: varscan/002_A-B.chr14.indel.vcf, varscan/002_A-B.chr14.snp.vcf
    wildcards: sample=002, tumor=A, norm=B, chrom=chr14
    threads: 6

[Wed Jun 24 08:08:37 2020]
Finished job 564.
52 of 142 steps (37%) done
Submitted DRMAA job 484 with external jobid 1505117.

[Wed Jun 24 08:08:37 2020]
rule varscan2table:
    input: varscan/002_A-B.chr8.indel.vcf, varscan/002_A-B.chr8.snp.vcf
    output: table/002_A-B.chr8.csv
    jobid: 478
    reason: Missing output files: table/002_A-B.chr8.csv; Input files updated by another job: varscan/002_A-B.chr8.indel.vcf, varscan/002_A-B.chr8.snp.vcf
    wildcards: sample=002, tumor=A, norm=B, chrom=chr8
    threads: 6

Submitted DRMAA job 478 with external jobid 1505118.
[Wed Jun 24 08:08:37 2020]
Finished job 571.
53 of 142 steps (37%) done

[Wed Jun 24 08:08:37 2020]
rule varscan2table:
    input: varscan/002_A-B.chr15.indel.vcf, varscan/002_A-B.chr15.snp.vcf
    output: table/002_A-B.chr15.csv
    jobid: 485
    reason: Missing output files: table/002_A-B.chr15.csv; Input files updated by another job: varscan/002_A-B.chr15.snp.vcf, varscan/002_A-B.chr15.indel.vcf
    wildcards: sample=002, tumor=A, norm=B, chrom=chr15
    threads: 6

Submitted DRMAA job 485 with external jobid 1505119.
[Wed Jun 24 08:08:37 2020]
Finished job 736.
54 of 142 steps (38%) done

[Wed Jun 24 08:08:37 2020]
rule varscan:
    input: pileup/002_A.chr19.pileup, pileup/002_B.chr19.pileup
    output: varscan/002_A-B.chr19.indel.vcf, varscan/002_A-B.chr19.snp.vcf
    log: logs/varscan/002_A-B.chr19.log
    jobid: 575
    reason: Missing output files: varscan/002_A-B.chr19.indel.vcf, varscan/002_A-B.chr19.snp.vcf; Input files updated by another job: pileup/002_B.chr19.pileup, pileup/002_A.chr19.pileup
    wildcards: sample=002, tumor=A, norm=B, chrom=chr19
    threads: 8

varscan somatic pileup/002_B.chr19.pileup pileup/002_A.chr19.pileup --output-vcf 1 --output-snp varscan/002_A-B.chr19.snp.vcf --output-indel varscan/002_A-B.chr19.indel.vcf --min-coverage 1 --min-var-freq 0.01 --min-freq-for-hom 0.75 --p-value 0.99 --somatic-p-value 0.05 --normal-purity 0.95 --tumor-purity 0.8
[Wed Jun 24 08:08:37 2020]
Finished job 703.
55 of 142 steps (39%) done
Submitted DRMAA job 575 with external jobid 1505120.
[Wed Jun 24 08:09:01 2020]
Finished job 478.
56 of 142 steps (39%) done

[Wed Jun 24 08:09:01 2020]
rule anno2EB:
    input: table/002_A-B.chr8.csv, recalib/002_A.chr8.bam, recalib/002_A.chr8.bai
    output: eb/002_A-B-chr8.EB
    log: logs/eb/002_A-B-chr8.log
    jobid: 415
    reason: Missing output files: eb/002_A-B-chr8.EB; Input files updated by another job: table/002_A-B.chr8.csv
    wildcards: sample=002, tumor=A, norm=B, chrom=chr8
    threads: 20

Submitted DRMAA job 415 with external jobid 1505121.
[Wed Jun 24 08:09:04 2020]
Finished job 579.
57 of 142 steps (40%) done

[Wed Jun 24 08:09:04 2020]
rule varscan2table:
    input: varscan/002_A-B.chrX.indel.vcf, varscan/002_A-B.chrX.snp.vcf
    output: table/002_A-B.chrX.csv
    jobid: 493
    reason: Missing output files: table/002_A-B.chrX.csv; Input files updated by another job: varscan/002_A-B.chrX.indel.vcf, varscan/002_A-B.chrX.snp.vcf
    wildcards: sample=002, tumor=A, norm=B, chrom=chrX
    threads: 6

Submitted DRMAA job 493 with external jobid 1505122.
[Wed Jun 24 08:09:04 2020]
Finished job 560.
58 of 142 steps (41%) done

[Wed Jun 24 08:09:04 2020]
rule varscan2table:
    input: varscan/002_A-B.chr4.indel.vcf, varscan/002_A-B.chr4.snp.vcf
    output: table/002_A-B.chr4.csv
    jobid: 474
    reason: Missing output files: table/002_A-B.chr4.csv; Input files updated by another job: varscan/002_A-B.chr4.snp.vcf, varscan/002_A-B.chr4.indel.vcf
    wildcards: sample=002, tumor=A, norm=B, chrom=chr4
    threads: 6

Submitted DRMAA job 474 with external jobid 1505123.
[Wed Jun 24 08:09:04 2020]
Finished job 702.
59 of 142 steps (42%) done

[Wed Jun 24 08:09:05 2020]
rule varscan:
    input: pileup/002_A.chr2.pileup, pileup/002_B.chr2.pileup
    output: varscan/002_A-B.chr2.indel.vcf, varscan/002_A-B.chr2.snp.vcf
    log: logs/varscan/002_A-B.chr2.log
    jobid: 558
    reason: Missing output files: varscan/002_A-B.chr2.snp.vcf, varscan/002_A-B.chr2.indel.vcf; Input files updated by another job: pileup/002_B.chr2.pileup, pileup/002_A.chr2.pileup
    wildcards: sample=002, tumor=A, norm=B, chrom=chr2
    threads: 8

varscan somatic pileup/002_B.chr2.pileup pileup/002_A.chr2.pileup --output-vcf 1 --output-snp varscan/002_A-B.chr2.snp.vcf --output-indel varscan/002_A-B.chr2.indel.vcf --min-coverage 1 --min-var-freq 0.01 --min-freq-for-hom 0.75 --p-value 0.99 --somatic-p-value 0.05 --normal-purity 0.95 --tumor-purity 0.8
Submitted DRMAA job 558 with external jobid 1505124.
[Wed Jun 24 08:09:05 2020]
Finished job 701.
60 of 142 steps (42%) done
[Wed Jun 24 08:09:05 2020]
Finished job 566.
61 of 142 steps (43%) done

[Wed Jun 24 08:09:05 2020]
rule varscan2table:
    input: varscan/002_A-B.chr10.indel.vcf, varscan/002_A-B.chr10.snp.vcf
    output: table/002_A-B.chr10.csv
    jobid: 480
    reason: Missing output files: table/002_A-B.chr10.csv; Input files updated by another job: varscan/002_A-B.chr10.snp.vcf, varscan/002_A-B.chr10.indel.vcf
    wildcards: sample=002, tumor=A, norm=B, chrom=chr10
    threads: 6

Submitted DRMAA job 480 with external jobid 1505125.
[Wed Jun 24 08:09:18 2020]
Finished job 485.
62 of 142 steps (44%) done

[Wed Jun 24 08:09:18 2020]
rule anno2EB:
    input: table/002_A-B.chr15.csv, recalib/002_A.chr15.bam, recalib/002_A.chr15.bai
    output: eb/002_A-B-chr15.EB
    log: logs/eb/002_A-B-chr15.log
    jobid: 422
    reason: Missing output files: eb/002_A-B-chr15.EB; Input files updated by another job: table/002_A-B.chr15.csv
    wildcards: sample=002, tumor=A, norm=B, chrom=chr15
    threads: 20

Submitted DRMAA job 422 with external jobid 1505126.
[Wed Jun 24 08:09:30 2020]
Finished job 493.
63 of 142 steps (44%) done

[Wed Jun 24 08:09:30 2020]
rule anno2EB:
    input: table/002_A-B.chrX.csv, recalib/002_A.chrX.bam, recalib/002_A.chrX.bai
    output: eb/002_A-B-chrX.EB
    log: logs/eb/002_A-B-chrX.log
    jobid: 430
    reason: Missing output files: eb/002_A-B-chrX.EB; Input files updated by another job: table/002_A-B.chrX.csv
    wildcards: sample=002, tumor=A, norm=B, chrom=chrX
    threads: 20

Submitted DRMAA job 430 with external jobid 1505127.
[Wed Jun 24 08:09:30 2020]
Finished job 474.
64 of 142 steps (45%) done

[Wed Jun 24 08:09:30 2020]
rule anno2EB:
    input: table/002_A-B.chr4.csv, recalib/002_A.chr4.bam, recalib/002_A.chr4.bai
    output: eb/002_A-B-chr4.EB
    log: logs/eb/002_A-B-chr4.log
    jobid: 411
    reason: Missing output files: eb/002_A-B-chr4.EB; Input files updated by another job: table/002_A-B.chr4.csv
    wildcards: sample=002, tumor=A, norm=B, chrom=chr4
    threads: 20

Submitted DRMAA job 411 with external jobid 1505128.
[Wed Jun 24 08:09:31 2020]
Finished job 18.
65 of 142 steps (46%) done

[Wed Jun 24 08:09:31 2020]
rule index_bam:
    input: bamfinal/002_B.bam
    output: bamfinal/002_B.bai
    jobid: 26
    reason: Missing output files: bamfinal/002_B.bai; Input files updated by another job: bamfinal/002_B.bam
    wildcards: folder=bamfinal, sample=002, type=B
    threads: 2

picard BuildBamIndex INPUT=bamfinal/002_B.bam
Submitted DRMAA job 26 with external jobid 1505129.

[Wed Jun 24 08:09:31 2020]
rule cover_BED:
    input: bamfinal/002_B.bam, /fast/groups/ag_damm/work/ref/genome/gatk/hg38/gen_ref.done
    output: coverBED/002_B.txt
    log: logs/coverBED/002_B.log
    jobid: 5
    reason: Missing output files: coverBED/002_B.txt; Input files updated by another job: bamfinal/002_B.bam
    wildcards: sample=002, type=B
    threads: 2

Submitted DRMAA job 5 with external jobid 1505130.
[Wed Jun 24 08:09:45 2020]
Finished job 700.
66 of 142 steps (46%) done

[Wed Jun 24 08:09:45 2020]
rule varscan:
    input: pileup/002_A.chr1.pileup, pileup/002_B.chr1.pileup
    output: varscan/002_A-B.chr1.indel.vcf, varscan/002_A-B.chr1.snp.vcf
    log: logs/varscan/002_A-B.chr1.log
    jobid: 557
    reason: Missing output files: varscan/002_A-B.chr1.indel.vcf, varscan/002_A-B.chr1.snp.vcf; Input files updated by another job: pileup/002_A.chr1.pileup, pileup/002_B.chr1.pileup
    wildcards: sample=002, tumor=A, norm=B, chrom=chr1
    threads: 8

varscan somatic pileup/002_B.chr1.pileup pileup/002_A.chr1.pileup --output-vcf 1 --output-snp varscan/002_A-B.chr1.snp.vcf --output-indel varscan/002_A-B.chr1.indel.vcf --min-coverage 1 --min-var-freq 0.01 --min-freq-for-hom 0.75 --p-value 0.99 --somatic-p-value 0.05 --normal-purity 0.95 --tumor-purity 0.8
Submitted DRMAA job 557 with external jobid 1505131.
[Wed Jun 24 08:09:57 2020]
Finished job 563.
67 of 142 steps (47%) done

[Wed Jun 24 08:09:57 2020]
rule varscan2table:
    input: varscan/002_A-B.chr7.indel.vcf, varscan/002_A-B.chr7.snp.vcf
    output: table/002_A-B.chr7.csv
    jobid: 477
    reason: Missing output files: table/002_A-B.chr7.csv; Input files updated by another job: varscan/002_A-B.chr7.indel.vcf, varscan/002_A-B.chr7.snp.vcf
    wildcards: sample=002, tumor=A, norm=B, chrom=chr7
    threads: 6

Submitted DRMAA job 477 with external jobid 1505133.
[Wed Jun 24 08:10:08 2020]
Finished job 573.
68 of 142 steps (48%) done

[Wed Jun 24 08:10:08 2020]
rule varscan2table:
    input: varscan/002_A-B.chr17.indel.vcf, varscan/002_A-B.chr17.snp.vcf
    output: table/002_A-B.chr17.csv
    jobid: 487
    reason: Missing output files: table/002_A-B.chr17.csv; Input files updated by another job: varscan/002_A-B.chr17.snp.vcf, varscan/002_A-B.chr17.indel.vcf
    wildcards: sample=002, tumor=A, norm=B, chrom=chr17
    threads: 6

Submitted DRMAA job 487 with external jobid 1505134.
[Wed Jun 24 08:10:09 2020]
Finished job 567.
69 of 142 steps (49%) done

[Wed Jun 24 08:10:09 2020]
rule varscan2table:
    input: varscan/002_A-B.chr11.indel.vcf, varscan/002_A-B.chr11.snp.vcf
    output: table/002_A-B.chr11.csv
    jobid: 481
    reason: Missing output files: table/002_A-B.chr11.csv; Input files updated by another job: varscan/002_A-B.chr11.snp.vcf, varscan/002_A-B.chr11.indel.vcf
    wildcards: sample=002, tumor=A, norm=B, chrom=chr11
    threads: 6

Submitted DRMAA job 481 with external jobid 1505135.
[Wed Jun 24 08:10:31 2020]
Error in rule varscan2table:
    jobid: 484
    output: table/002_A-B.chr14.csv
    conda-env: /fast/scratch/users/szyskam_c/develop/FDAH1/.snakemake/conda/9834c1ad

Error executing rule varscan2table on cluster (jobid: 484, external: 1505117, jobscript: /fast/scratch/users/szyskam_c/develop/FDAH1/.snakemake/tmp.y4myqedc/snakejob.varscan2table.484.sh). For error details see the cluster log and the log files of the involved rule(s).
Job failed, going on with independent jobs.
[Wed Jun 24 08:10:33 2020]
Error in rule varscan:
    jobid: 562
    output: varscan/002_A-B.chr6.indel.vcf, varscan/002_A-B.chr6.snp.vcf
    log: logs/varscan/002_A-B.chr6.log (check log file(s) for error message)
    conda-env: /fast/scratch/users/szyskam_c/develop/FDAH1/.snakemake/conda/c0b8ca23
    shell:
        varscan somatic pileup/002_B.chr6.pileup pileup/002_A.chr6.pileup --output-vcf 1 --output-snp varscan/002_A-B.chr6.snp.vcf --output-indel varscan/002_A-B.chr6.indel.vcf --min-coverage 1 --min-var-freq 0.01 --min-freq-for-hom 0.75 --p-value 0.99 --somatic-p-value 0.05 --normal-purity 0.95 --tumor-purity 0.8
        (one of the commands exited with non-zero exit code; note that snakemake uses bash strict mode!)

Error executing rule varscan on cluster (jobid: 562, external: 1505109, jobscript: /fast/scratch/users/szyskam_c/develop/FDAH1/.snakemake/tmp.y4myqedc/snakejob.varscan.562.sh). For error details see the cluster log and the log files of the involved rule(s).
Job failed, going on with independent jobs.
[Wed Jun 24 08:10:44 2020]
Finished job 575.
70 of 142 steps (49%) done

[Wed Jun 24 08:10:44 2020]
rule varscan2table:
    input: varscan/002_A-B.chr19.indel.vcf, varscan/002_A-B.chr19.snp.vcf
    output: table/002_A-B.chr19.csv
    jobid: 489
    reason: Missing output files: table/002_A-B.chr19.csv; Input files updated by another job: varscan/002_A-B.chr19.indel.vcf, varscan/002_A-B.chr19.snp.vcf
    wildcards: sample=002, tumor=A, norm=B, chrom=chr19
    threads: 6

Submitted DRMAA job 489 with external jobid 1505136.
[Wed Jun 24 08:10:56 2020]
Error in rule index_bam:
    jobid: 26
    output: bamfinal/002_B.bai
    conda-env: /fast/scratch/users/szyskam_c/develop/FDAH1/.snakemake/conda/03be4719
    shell:
        picard BuildBamIndex INPUT=bamfinal/002_B.bam
        (one of the commands exited with non-zero exit code; note that snakemake uses bash strict mode!)

Error executing rule index_bam on cluster (jobid: 26, external: 1505129, jobscript: /fast/scratch/users/szyskam_c/develop/FDAH1/.snakemake/tmp.y4myqedc/snakejob.index_bam.26.sh). For error details see the cluster log and the log files of the involved rule(s).
Job failed, going on with independent jobs.
[Wed Jun 24 08:10:59 2020]
Error in rule bam_metrix:
    jobid: 12
    output: bam_metrics/002_A.metrics
    log: logs/bam_metrix/002_A.log (check log file(s) for error message)
    conda-env: /fast/scratch/users/szyskam_c/develop/FDAH1/.snakemake/conda/03be4719
    shell:
        picard CollectHsMetrics I=bamfinal/002_A.bam O=bam_metrics/002_A.metrics R=/fast/groups/ag_damm/work/ref/genome/gatk/hg38/hg38.fasta BAIT_INTERVALS=/fast/groups/ag_damm/work/ref/bed_files/SureSelect/hg38/SS_HAEv7_hg38.bait_interval TARGET_INTERVALS=/fast/groups/ag_damm/work/ref/bed_files/SureSelect/hg38/SS_HAEv7_hg38.target_interval
        (one of the commands exited with non-zero exit code; note that snakemake uses bash strict mode!)

Error executing rule bam_metrix on cluster (jobid: 12, external: 1505112, jobscript: /fast/scratch/users/szyskam_c/develop/FDAH1/.snakemake/tmp.y4myqedc/snakejob.bam_metrix.12.sh). For error details see the cluster log and the log files of the involved rule(s).
Job failed, going on with independent jobs.
[Wed Jun 24 08:10:59 2020]
Error in rule insert_metrix:
    jobid: 14
    output: insert_metrics/002_A.metrics, insert_metrics/002_A.metrics.pdf
    log: logs/bam_metrix/002_A.log (check log file(s) for error message)
    conda-env: /fast/scratch/users/szyskam_c/develop/FDAH1/.snakemake/conda/ef4743db
    shell:
        picard CollectInsertSizeMetrics I=bamfinal/002_A.bam O=insert_metrics/002_A.metrics H=insert_metrics/002_A.metrics.pdf M=0.5
        (one of the commands exited with non-zero exit code; note that snakemake uses bash strict mode!)

Error executing rule insert_metrix on cluster (jobid: 14, external: 1505113, jobscript: /fast/scratch/users/szyskam_c/develop/FDAH1/.snakemake/tmp.y4myqedc/snakejob.insert_metrix.14.sh). For error details see the cluster log and the log files of the involved rule(s).
Job failed, going on with independent jobs.
[Wed Jun 24 08:10:59 2020]
Error in rule varscan:
    jobid: 559
    output: varscan/002_A-B.chr3.indel.vcf, varscan/002_A-B.chr3.snp.vcf
    log: logs/varscan/002_A-B.chr3.log (check log file(s) for error message)
    conda-env: /fast/scratch/users/szyskam_c/develop/FDAH1/.snakemake/conda/c0b8ca23
    shell:
        varscan somatic pileup/002_B.chr3.pileup pileup/002_A.chr3.pileup --output-vcf 1 --output-snp varscan/002_A-B.chr3.snp.vcf --output-indel varscan/002_A-B.chr3.indel.vcf --min-coverage 1 --min-var-freq 0.01 --min-freq-for-hom 0.75 --p-value 0.99 --somatic-p-value 0.05 --normal-purity 0.95 --tumor-purity 0.8
        (one of the commands exited with non-zero exit code; note that snakemake uses bash strict mode!)

Error executing rule varscan on cluster (jobid: 559, external: 1505104, jobscript: /fast/scratch/users/szyskam_c/develop/FDAH1/.snakemake/tmp.y4myqedc/snakejob.varscan.559.sh). For error details see the cluster log and the log files of the involved rule(s).
Job failed, going on with independent jobs.
[Wed Jun 24 08:10:59 2020]
Error in rule varscan:
    jobid: 561
    output: varscan/002_A-B.chr5.indel.vcf, varscan/002_A-B.chr5.snp.vcf
    log: logs/varscan/002_A-B.chr5.log (check log file(s) for error message)
    conda-env: /fast/scratch/users/szyskam_c/develop/FDAH1/.snakemake/conda/c0b8ca23
    shell:
        varscan somatic pileup/002_B.chr5.pileup pileup/002_A.chr5.pileup --output-vcf 1 --output-snp varscan/002_A-B.chr5.snp.vcf --output-indel varscan/002_A-B.chr5.indel.vcf --min-coverage 1 --min-var-freq 0.01 --min-freq-for-hom 0.75 --p-value 0.99 --somatic-p-value 0.05 --normal-purity 0.95 --tumor-purity 0.8
        (one of the commands exited with non-zero exit code; note that snakemake uses bash strict mode!)

Error executing rule varscan on cluster (jobid: 561, external: 1505107, jobscript: /fast/scratch/users/szyskam_c/develop/FDAH1/.snakemake/tmp.y4myqedc/snakejob.varscan.561.sh). For error details see the cluster log and the log files of the involved rule(s).
Job failed, going on with independent jobs.
[Wed Jun 24 08:10:59 2020]
Error in rule varscan:
    jobid: 572
    output: varscan/002_A-B.chr16.indel.vcf, varscan/002_A-B.chr16.snp.vcf
    log: logs/varscan/002_A-B.chr16.log (check log file(s) for error message)
    conda-env: /fast/scratch/users/szyskam_c/develop/FDAH1/.snakemake/conda/c0b8ca23
    shell:
        varscan somatic pileup/002_B.chr16.pileup pileup/002_A.chr16.pileup --output-vcf 1 --output-snp varscan/002_A-B.chr16.snp.vcf --output-indel varscan/002_A-B.chr16.indel.vcf --min-coverage 1 --min-var-freq 0.01 --min-freq-for-hom 0.75 --p-value 0.99 --somatic-p-value 0.05 --normal-purity 0.95 --tumor-purity 0.8
        (one of the commands exited with non-zero exit code; note that snakemake uses bash strict mode!)

Error executing rule varscan on cluster (jobid: 572, external: 1505108, jobscript: /fast/scratch/users/szyskam_c/develop/FDAH1/.snakemake/tmp.y4myqedc/snakejob.varscan.572.sh). For error details see the cluster log and the log files of the involved rule(s).
Job failed, going on with independent jobs.
[Wed Jun 24 08:11:10 2020]
Error in rule varscan2table:
    jobid: 492
    output: table/002_A-B.chr22.csv
    conda-env: /fast/scratch/users/szyskam_c/develop/FDAH1/.snakemake/conda/9834c1ad

Error executing rule varscan2table on cluster (jobid: 492, external: 1505111, jobscript: /fast/scratch/users/szyskam_c/develop/FDAH1/.snakemake/tmp.y4myqedc/snakejob.varscan2table.492.sh). For error details see the cluster log and the log files of the involved rule(s).
Job failed, going on with independent jobs.
[Wed Jun 24 08:11:11 2020]
Error in rule varscan:
    jobid: 568
    output: varscan/002_A-B.chr12.indel.vcf, varscan/002_A-B.chr12.snp.vcf
    log: logs/varscan/002_A-B.chr12.log (check log file(s) for error message)
    conda-env: /fast/scratch/users/szyskam_c/develop/FDAH1/.snakemake/conda/c0b8ca23
    shell:
        varscan somatic pileup/002_B.chr12.pileup pileup/002_A.chr12.pileup --output-vcf 1 --output-snp varscan/002_A-B.chr12.snp.vcf --output-indel varscan/002_A-B.chr12.indel.vcf --min-coverage 1 --min-var-freq 0.01 --min-freq-for-hom 0.75 --p-value 0.99 --somatic-p-value 0.05 --normal-purity 0.95 --tumor-purity 0.8
        (one of the commands exited with non-zero exit code; note that snakemake uses bash strict mode!)

Error executing rule varscan on cluster (jobid: 568, external: 1505106, jobscript: /fast/scratch/users/szyskam_c/develop/FDAH1/.snakemake/tmp.y4myqedc/snakejob.varscan.568.sh). For error details see the cluster log and the log files of the involved rule(s).
Job failed, going on with independent jobs.
[Wed Jun 24 08:11:23 2020]
Error in rule varscan:
    jobid: 565
    output: varscan/002_A-B.chr9.indel.vcf, varscan/002_A-B.chr9.snp.vcf
    log: logs/varscan/002_A-B.chr9.log (check log file(s) for error message)
    conda-env: /fast/scratch/users/szyskam_c/develop/FDAH1/.snakemake/conda/c0b8ca23
    shell:
        varscan somatic pileup/002_B.chr9.pileup pileup/002_A.chr9.pileup --output-vcf 1 --output-snp varscan/002_A-B.chr9.snp.vcf --output-indel varscan/002_A-B.chr9.indel.vcf --min-coverage 1 --min-var-freq 0.01 --min-freq-for-hom 0.75 --p-value 0.99 --somatic-p-value 0.05 --normal-purity 0.95 --tumor-purity 0.8
        (one of the commands exited with non-zero exit code; note that snakemake uses bash strict mode!)

Error executing rule varscan on cluster (jobid: 565, external: 1505105, jobscript: /fast/scratch/users/szyskam_c/develop/FDAH1/.snakemake/tmp.y4myqedc/snakejob.varscan.565.sh). For error details see the cluster log and the log files of the involved rule(s).
Job failed, going on with independent jobs.
[Wed Jun 24 08:11:23 2020]
Error in rule varscan2table:
    jobid: 490
    output: table/002_A-B.chr20.csv
    conda-env: /fast/scratch/users/szyskam_c/develop/FDAH1/.snakemake/conda/9834c1ad

Error executing rule varscan2table on cluster (jobid: 490, external: 1505110, jobscript: /fast/scratch/users/szyskam_c/develop/FDAH1/.snakemake/tmp.y4myqedc/snakejob.varscan2table.490.sh). For error details see the cluster log and the log files of the involved rule(s).
Job failed, going on with independent jobs.
[Wed Jun 24 08:11:33 2020]
Error in rule varscan:
    jobid: 558
    output: varscan/002_A-B.chr2.indel.vcf, varscan/002_A-B.chr2.snp.vcf
    log: logs/varscan/002_A-B.chr2.log (check log file(s) for error message)
    conda-env: /fast/scratch/users/szyskam_c/develop/FDAH1/.snakemake/conda/c0b8ca23
    shell:
        varscan somatic pileup/002_B.chr2.pileup pileup/002_A.chr2.pileup --output-vcf 1 --output-snp varscan/002_A-B.chr2.snp.vcf --output-indel varscan/002_A-B.chr2.indel.vcf --min-coverage 1 --min-var-freq 0.01 --min-freq-for-hom 0.75 --p-value 0.99 --somatic-p-value 0.05 --normal-purity 0.95 --tumor-purity 0.8
        (one of the commands exited with non-zero exit code; note that snakemake uses bash strict mode!)

Error executing rule varscan on cluster (jobid: 558, external: 1505124, jobscript: /fast/scratch/users/szyskam_c/develop/FDAH1/.snakemake/tmp.y4myqedc/snakejob.varscan.558.sh). For error details see the cluster log and the log files of the involved rule(s).
Job failed, going on with independent jobs.
[Wed Jun 24 08:11:33 2020]
Error in rule varscan2table:
    jobid: 480
    output: table/002_A-B.chr10.csv
    conda-env: /fast/scratch/users/szyskam_c/develop/FDAH1/.snakemake/conda/9834c1ad

Error executing rule varscan2table on cluster (jobid: 480, external: 1505125, jobscript: /fast/scratch/users/szyskam_c/develop/FDAH1/.snakemake/tmp.y4myqedc/snakejob.varscan2table.480.sh). For error details see the cluster log and the log files of the involved rule(s).
Job failed, going on with independent jobs.
[Wed Jun 24 08:11:44 2020]
Error in rule cover_BED:
    jobid: 5
    output: coverBED/002_B.txt
    log: logs/coverBED/002_B.log (check log file(s) for error message)
    conda-env: /fast/scratch/users/szyskam_c/develop/FDAH1/.snakemake/conda/95a4cb9b

Error executing rule cover_BED on cluster (jobid: 5, external: 1505130, jobscript: /fast/scratch/users/szyskam_c/develop/FDAH1/.snakemake/tmp.y4myqedc/snakejob.cover_BED.5.sh). For error details see the cluster log and the log files of the involved rule(s).
Job failed, going on with independent jobs.
[Wed Jun 24 08:11:45 2020]
Error in rule varscan:
    jobid: 557
    output: varscan/002_A-B.chr1.indel.vcf, varscan/002_A-B.chr1.snp.vcf
    log: logs/varscan/002_A-B.chr1.log (check log file(s) for error message)
    conda-env: /fast/scratch/users/szyskam_c/develop/FDAH1/.snakemake/conda/c0b8ca23
    shell:
        varscan somatic pileup/002_B.chr1.pileup pileup/002_A.chr1.pileup --output-vcf 1 --output-snp varscan/002_A-B.chr1.snp.vcf --output-indel varscan/002_A-B.chr1.indel.vcf --min-coverage 1 --min-var-freq 0.01 --min-freq-for-hom 0.75 --p-value 0.99 --somatic-p-value 0.05 --normal-purity 0.95 --tumor-purity 0.8
        (one of the commands exited with non-zero exit code; note that snakemake uses bash strict mode!)

Error executing rule varscan on cluster (jobid: 557, external: 1505131, jobscript: /fast/scratch/users/szyskam_c/develop/FDAH1/.snakemake/tmp.y4myqedc/snakejob.varscan.557.sh). For error details see the cluster log and the log files of the involved rule(s).
Job failed, going on with independent jobs.
[Wed Jun 24 08:11:55 2020]
Error in rule varscan2table:
    jobid: 489
    output: table/002_A-B.chr19.csv
    conda-env: /fast/scratch/users/szyskam_c/develop/FDAH1/.snakemake/conda/9834c1ad

Error executing rule varscan2table on cluster (jobid: 489, external: 1505136, jobscript: /fast/scratch/users/szyskam_c/develop/FDAH1/.snakemake/tmp.y4myqedc/snakejob.varscan2table.489.sh). For error details see the cluster log and the log files of the involved rule(s).
Job failed, going on with independent jobs.
[Wed Jun 24 08:11:56 2020]
Error in rule varscan2table:
    jobid: 481
    output: table/002_A-B.chr11.csv
    conda-env: /fast/scratch/users/szyskam_c/develop/FDAH1/.snakemake/conda/9834c1ad

Error executing rule varscan2table on cluster (jobid: 481, external: 1505135, jobscript: /fast/scratch/users/szyskam_c/develop/FDAH1/.snakemake/tmp.y4myqedc/snakejob.varscan2table.481.sh). For error details see the cluster log and the log files of the involved rule(s).
Job failed, going on with independent jobs.
[Wed Jun 24 08:12:06 2020]
Error in rule varscan2table:
    jobid: 487
    output: table/002_A-B.chr17.csv
    conda-env: /fast/scratch/users/szyskam_c/develop/FDAH1/.snakemake/conda/9834c1ad

Error executing rule varscan2table on cluster (jobid: 487, external: 1505134, jobscript: /fast/scratch/users/szyskam_c/develop/FDAH1/.snakemake/tmp.y4myqedc/snakejob.varscan2table.487.sh). For error details see the cluster log and the log files of the involved rule(s).
Job failed, going on with independent jobs.
[Wed Jun 24 08:12:07 2020]
Error in rule varscan2table:
    jobid: 477
    output: table/002_A-B.chr7.csv
    conda-env: /fast/scratch/users/szyskam_c/develop/FDAH1/.snakemake/conda/9834c1ad

Error executing rule varscan2table on cluster (jobid: 477, external: 1505133, jobscript: /fast/scratch/users/szyskam_c/develop/FDAH1/.snakemake/tmp.y4myqedc/snakejob.varscan2table.477.sh). For error details see the cluster log and the log files of the involved rule(s).
Job failed, going on with independent jobs.
[Wed Jun 24 08:13:08 2020]
Finished job 4.
71 of 142 steps (50%) done
[Wed Jun 24 08:13:18 2020]
Error in rule anno2EB:
    jobid: 430
    output: eb/002_A-B-chrX.EB
    log: logs/eb/002_A-B-chrX.log (check log file(s) for error message)
    conda-env: /fast/scratch/users/szyskam_c/develop/FDAH1/.snakemake/conda/b3a2d491

Error executing rule anno2EB on cluster (jobid: 430, external: 1505127, jobscript: /fast/scratch/users/szyskam_c/develop/FDAH1/.snakemake/tmp.y4myqedc/snakejob.anno2EB.430.sh). For error details see the cluster log and the log files of the involved rule(s).
Job failed, going on with independent jobs.
[Wed Jun 24 08:13:18 2020]
Error in rule anno2EB:
    jobid: 411
    output: eb/002_A-B-chr4.EB
    log: logs/eb/002_A-B-chr4.log (check log file(s) for error message)
    conda-env: /fast/scratch/users/szyskam_c/develop/FDAH1/.snakemake/conda/b3a2d491

Error executing rule anno2EB on cluster (jobid: 411, external: 1505128, jobscript: /fast/scratch/users/szyskam_c/develop/FDAH1/.snakemake/tmp.y4myqedc/snakejob.anno2EB.411.sh). For error details see the cluster log and the log files of the involved rule(s).
Job failed, going on with independent jobs.
[Wed Jun 24 08:13:48 2020]
Finished job 428.
72 of 142 steps (51%) done
[Wed Jun 24 08:14:38 2020]
Finished job 425.
73 of 142 steps (51%) done
[Wed Jun 24 08:16:19 2020]
Finished job 420.
74 of 142 steps (52%) done
[Wed Jun 24 08:17:59 2020]
Finished job 415.
75 of 142 steps (53%) done
[Wed Jun 24 08:22:19 2020]
Finished job 422.
76 of 142 steps (54%) done
Exiting because a job execution failed. Look above for error message
Complete log: /fast/home/users/szyskam_c/snakes/develop/somVarWES/.snakemake/log/2020-06-24T080558.743883.snakemake.log
    EXOM SEQUENCING PIPELINE STARTING.......
samples                                         R1  ...                                     index
name                                        ...                                          
002_A  FD_AH_001_002A_L001_R1_001.fastq.gz  ...  FD_AH_001_002A_L001_index_1_001.fastq.gz
002_B  FD_AH_001_002B_L001_R1_001.fastq.gz  ...  FD_AH_001_002B_L001_index_1_001.fastq.gz

[2 rows x 3 columns]
